#
# A fatal error has been detected by the Java Runtime Environment:
#
#  SIGSEGV (0xb) at pc=0x00000001195a5623, pid=1519, tid=0x000000000000d81b
#
# JRE version: Java(TM) SE Runtime Environment (8.0_171-b11) (build 1.8.0_171-b11)
# Java VM: Java HotSpot(TM) 64-Bit Server VM (25.171-b11 mixed mode bsd-amd64 compressed oops)
# Problematic frame:
# j  sun.awt.im.InputMethodContext.grabCompositionArea(Z)V+0
#
# Failed to write core dump. Core dumps have been disabled. To enable core dumping, try "ulimit -c unlimited" before starting Java again
#
# If you would like to submit a bug report, please visit:
#   http://bugreport.java.com/bugreport/crash.jsp
#

---------------  T H R E A D  ---------------

Current thread (0x00007fd0a70f9000):  JavaThread "AWT-EventQueue-0" [_thread_in_Java, id=55323, stack(0x000070000c1c0000,0x000070000c2c0000)]

siginfo: si_signo: 11 (SIGSEGV), si_code: 1 (SEGV_MAPERR), si_addr: 0x0000000008000fd0

Registers:
RAX=0x0000000000000005, RBX=0x00000000000000c2, RCX=0x000000076c76f538, RDX=0x000070000c2bd468
RSP=0x000070000c2bd458, RBP=0x000070000c2bd4a8, RSI=0x000070000c2bd458, RDI=0x00000001195872bd
R8 =0x00000000ed5700b9, R9 =0x0000000000000040, R10=0x0000000008000f28, R11=0x00000000000001f4
R12=0x0000000000000000, R13=0x0000000136620edf, R14=0x000070000c2bd4d0, R15=0x00007fd0a70f9000
RIP=0x00000001195a5623, EFLAGS=0x0000000000010206, ERR=0x0000000000000004
  TRAPNO=0x000000000000000e

Top of Stack: (sp=0x000070000c2bd458)
0x000070000c2bd458:   000000076c76f538 000000076c76f538
0x000070000c2bd468:   000070000c2bd458 0000000136620ed8
0x000070000c2bd478:   000070000c2bd4d0 00000001366271a0
0x000070000c2bd488:   0000000000000000 0000000136620f20
0x000070000c2bd498:   0000000000000000 000070000c2bd4c8
0x000070000c2bd4a8:   000070000c2bd518 00000001195872bd
0x000070000c2bd4b8:   0000000000000000 000000076c76f538
0x000070000c2bd4c8:   0000000000000001 000000076c76f2d0
0x000070000c2bd4d8:   000070000c2bd4d8 0000000136623e06
0x000070000c2bd4e8:   000070000c2bd540 0000000136625ee0
0x000070000c2bd4f8:   0000000000000000 0000000136623e40
0x000070000c2bd508:   000070000c2bd4c8 000070000c2bd538
0x000070000c2bd518:   000070000c2bd5a8 00000001195872bd
0x000070000c2bd528:   0000000000000000 0000000000000000
0x000070000c2bd538:   0000000000000001 000000076c76f2d0
0x000070000c2bd548:   000000076c76f2d0 000000076c76f2d0
0x000070000c2bd558:   0000000000000001 000000076ab82c58
0x000070000c2bd568:   000070000c2bd548 0000000136623ba9
0x000070000c2bd578:   000070000c2bd5f0 0000000136625ee0
0x000070000c2bd588:   00000001366a6f90 0000000136623c60
0x000070000c2bd598:   000070000c2bd538 000070000c2bd600
0x000070000c2bd5a8:   000000076c912068 0000000119917c74
0x000070000c2bd5b8:   0000000000000000 0000000000000000
0x000070000c2bd5c8:   0000000000000000 0000000000000000
0x000070000c2bd5d8:   000000076c76f2d0 000000076ab82c58
0x000070000c2bd5e8:   000000076c7333c8 000000076c76f2d0
0x000070000c2bd5f8:   0000000119917c74 000070000c2bd6f0
0x000070000c2bd608:   0000000119b7565c 000000013672ce80
0x000070000c2bd618:   000000076c72c650 000070000c2bd638
0x000070000c2bd628:   000000076b0a5ef0 000000076c912068
0x000070000c2bd638:   00000001199a02a8 000070000c2bd6f0
0x000070000c2bd648:   00000001199eb44c 000070000c2bd650 

Instructions: (pc=0x00000001195a5623)
0x00000001195a5603:   48 8b 4e 08 48 8b 01 4c 8b d0 49 83 e2 07 49 83
0x00000001195a5613:   fa 05 0f 85 84 00 00 00 44 8b 51 08 49 c1 e2 03
0x00000001195a5623:   4d 8b 92 a8 00 00 00 4d 0b d7 4c 33 d0 49 83 e2
0x00000001195a5633:   87 0f 84 24 01 00 00 49 f7 c2 07 00 00 00 75 48 

Register to memory mapping:

RAX=0x0000000000000005 is an unknown value
RBX=0x00000000000000c2 is an unknown value
RCX=0x000000076c76f538 is an oop

[error occurred during error reporting (printing register info), id 0xb]

Stack: [0x000070000c1c0000,0x000070000c2c0000],  sp=0x000070000c2bd458,  free space=1013k
Native frames: (J=compiled Java code, j=interpreted, Vv=VM code, C=native code)
j  sun.awt.im.InputMethodContext.grabCompositionArea(Z)V+0
j  sun.awt.im.InputContext.activateInputMethod(Z)V+286
j  sun.awt.im.InputContext.focusGained(Ljava/awt/Component;)V+137
J 978 C1 sun.awt.im.InputContext.dispatchEvent(Ljava/awt/AWTEvent;)V (173 bytes) @ 0x0000000119917c74 [0x0000000119915d20+0x1f54]
J 929 C1 sun.awt.im.InputMethodContext.dispatchEvent(Ljava/awt/AWTEvent;)V (62 bytes) @ 0x00000001198f5c14 [0x00000001198f5100+0xb14]
J 898 C1 java.awt.Component.dispatchEventImpl(Ljava/awt/AWTEvent;)V (883 bytes) @ 0x00000001198ba544 [0x00000001198b6f00+0x3644]
J 1822 C2 java.awt.Container.dispatchEventImpl(Ljava/awt/AWTEvent;)V (129 bytes) @ 0x0000000119b9b2d8 [0x0000000119b9b280+0x58]
j  java.awt.Component.dispatchEvent(Ljava/awt/AWTEvent;)V+2
j  java.awt.KeyboardFocusManager.redispatchEvent(Ljava/awt/Component;Ljava/awt/AWTEvent;)V+7
j  java.awt.DefaultKeyboardFocusManager.typeAheadAssertions(Ljava/awt/Component;Ljava/awt/AWTEvent;)Z+335
J 904 C1 java.awt.DefaultKeyboardFocusManager.dispatchEvent(Ljava/awt/AWTEvent;)Z (1640 bytes) @ 0x00000001198d70b4 [0x00000001198c6b80+0x10534]
J 898 C1 java.awt.Component.dispatchEventImpl(Ljava/awt/AWTEvent;)V (883 bytes) @ 0x00000001198b86dc [0x00000001198b6f00+0x17dc]
J 1822 C2 java.awt.Container.dispatchEventImpl(Ljava/awt/AWTEvent;)V (129 bytes) @ 0x0000000119b9b2d8 [0x0000000119b9b280+0x58]
J 1805 C2 java.awt.EventQueue$3.run()Ljava/lang/Object; (5 bytes) @ 0x0000000119b86090 [0x0000000119b85680+0xa10]
v  ~StubRoutines::call_stub
V  [libjvm.dylib+0x2ef1f6]
V  [libjvm.dylib+0x34fb24]
J 412  java.security.AccessController.doPrivileged(Ljava/security/PrivilegedAction;Ljava/security/AccessControlContext;)Ljava/lang/Object; (0 bytes) @ 0x000000011977e995 [0x000000011977e8c0+0xd5]
J 1803 C2 java.awt.EventQueue$4.run()Ljava/lang/Object; (5 bytes) @ 0x0000000119b7a944 [0x0000000119b7a6e0+0x264]
v  ~StubRoutines::call_stub
V  [libjvm.dylib+0x2ef1f6]
V  [libjvm.dylib+0x34fb24]
J 412  java.security.AccessController.doPrivileged(Ljava/security/PrivilegedAction;Ljava/security/AccessControlContext;)Ljava/lang/Object; (0 bytes) @ 0x000000011977e995 [0x000000011977e8c0+0xd5]
J 1650 C2 java.awt.EventQueue.dispatchEvent(Ljava/awt/AWTEvent;)V (80 bytes) @ 0x0000000119af4cf0 [0x0000000119af4980+0x370]
J 1652 C2 java.awt.EventDispatchThread.pumpOneEventForFilters(I)V (190 bytes) @ 0x0000000119b50fdc [0x0000000119b50ac0+0x51c]
j  java.awt.EventDispatchThread.pumpEventsForFilter(ILjava/awt/Conditional;Ljava/awt/EventFilter;)V+35
j  java.awt.EventDispatchThread.pumpEventsForHierarchy(ILjava/awt/Conditional;Ljava/awt/Component;)V+11
j  java.awt.EventDispatchThread.pumpEvents(ILjava/awt/Conditional;)V+4
j  java.awt.EventDispatchThread.pumpEvents(Ljava/awt/Conditional;)V+3
j  java.awt.EventDispatchThread.run()V+9
v  ~StubRoutines::call_stub
V  [libjvm.dylib+0x2ef1f6]
V  [libjvm.dylib+0x2ef99a]
V  [libjvm.dylib+0x2efb46]
V  [libjvm.dylib+0x34a46d]
V  [libjvm.dylib+0x56eb0f]
V  [libjvm.dylib+0x57020a]
V  [libjvm.dylib+0x48d4a6]
C  [libsystem_pthread.dylib+0x3661]  _pthread_body+0x154
C  [libsystem_pthread.dylib+0x350d]  _pthread_body+0x0
C  [libsystem_pthread.dylib+0x2bf9]  thread_start+0xd
C  0x0000000000000000


---------------  P R O C E S S  ---------------

Java Threads: ( => current thread )
  0x00007fd0a40a3000 JavaThread "TimerQueue" daemon [_thread_blocked, id=69487, stack(0x000070000be31000,0x000070000bf31000)]
  0x00007fd0a5967000 JavaThread "DestroyJavaVM" [_thread_blocked, id=5891, stack(0x000070000a8ef000,0x000070000a9ef000)]
=>0x00007fd0a70f9000 JavaThread "AWT-EventQueue-0" [_thread_in_Java, id=55323, stack(0x000070000c1c0000,0x000070000c2c0000)]
  0x00007fd0a40e0800 JavaThread "Java2D Disposer" daemon [_thread_blocked, id=75535, stack(0x000070000c0bd000,0x000070000c1bd000)]
  0x00007fd0a5034000 JavaThread "Java2D Queue Flusher" daemon [_thread_blocked, id=46851, stack(0x000070000bfba000,0x000070000c0ba000)]
  0x00007fd0a6058800 JavaThread "AWT-Shutdown" [_thread_blocked, id=37163, stack(0x000070000bc28000,0x000070000bd28000)]
  0x00007fd0a6044000 JavaThread "AppKit Thread" daemon [_thread_in_native, id=775, stack(0x00007ffee2bfb000,0x00007ffee33fb000)]
  0x00007fd0a4023000 JavaThread "Service Thread" daemon [_thread_blocked, id=14851, stack(0x000070000ba22000,0x000070000bb22000)]
  0x00007fd0a4018000 JavaThread "C1 CompilerThread3" daemon [_thread_blocked, id=14595, stack(0x000070000b91f000,0x000070000ba1f000)]
  0x00007fd0a4017800 JavaThread "C2 CompilerThread2" daemon [_thread_blocked, id=16131, stack(0x000070000b81c000,0x000070000b91c000)]
  0x00007fd0a4016800 JavaThread "C2 CompilerThread1" daemon [_thread_blocked, id=16387, stack(0x000070000b719000,0x000070000b819000)]
  0x00007fd0a4015000 JavaThread "C2 CompilerThread0" daemon [_thread_blocked, id=16643, stack(0x000070000b616000,0x000070000b716000)]
  0x00007fd0a4014000 JavaThread "Signal Dispatcher" daemon [_thread_blocked, id=17159, stack(0x000070000b513000,0x000070000b613000)]
  0x00007fd0a700b000 JavaThread "Finalizer" daemon [_thread_blocked, id=12803, stack(0x000070000b410000,0x000070000b510000)]
  0x00007fd0a7005000 JavaThread "Reference Handler" daemon [_thread_blocked, id=19715, stack(0x000070000b30d000,0x000070000b40d000)]

Other Threads:
  0x00007fd0a7000000 VMThread [stack: 0x000070000b20a000,0x000070000b30a000] [id=20227]
  0x00007fd0a4013000 WatcherThread [stack: 0x000070000bb25000,0x000070000bc25000] [id=15107]

VM state:not at safepoint (normal execution)

VM Mutex/Monitor currently owned by a thread: None

Heap:
 PSYoungGen      total 76288K, used 31883K [0x000000076ab00000, 0x0000000770000000, 0x00000007c0000000)
  eden space 65536K, 48% used [0x000000076ab00000,0x000000076ca22fa0,0x000000076eb00000)
  from space 10752K, 0% used [0x000000076f580000,0x000000076f580000,0x0000000770000000)
  to   space 10752K, 0% used [0x000000076eb00000,0x000000076eb00000,0x000000076f580000)
 ParOldGen       total 175104K, used 0K [0x00000006c0000000, 0x00000006cab00000, 0x000000076ab00000)
  object space 175104K, 0% used [0x00000006c0000000,0x00000006c0000000,0x00000006cab00000)
 Metaspace       used 14690K, capacity 14986K, committed 15104K, reserved 1062912K
  class space    used 1881K, capacity 1991K, committed 2048K, reserved 1048576K

Card table byte_map: [0x000000010ed6e000,0x000000010f56f000] byte_map_base: 0x000000010b76e000

Marking Bits: (ParMarkBitMap*) 0x000000010e2f76e0
 Begin Bits: [0x000000010fac5000, 0x0000000113ac5000)
 End Bits:   [0x0000000113ac5000, 0x0000000117ac5000)

Polling page: 0x000000010c88a000

CodeCache: size=245760Kb used=6327Kb max_used=6327Kb free=239432Kb
 bounds [0x000000011957f000, 0x0000000119bbf000, 0x000000012857f000]
 total_blobs=2397 nmethods=1833 adapters=476
 compilation: enabled

Compilation events (10 events):
Event: 43.076 Thread 0x00007fd0a4018000 1836       3       sun.java2d.opengl.OGLContext::setScratchSurface (34 bytes)
Event: 43.078 Thread 0x00007fd0a4018000 nmethod 1836 0x0000000119bab050 code [0x0000000119bab3a0, 0x0000000119bad358]
Event: 43.164 Thread 0x00007fd0a4018000 1837       1       javax.swing.Timer::getLock (5 bytes)
Event: 43.164 Thread 0x00007fd0a4018000 nmethod 1837 0x000000011967f890 code [0x000000011967f9e0, 0x000000011967faf0]
Event: 43.228 Thread 0x00007fd0a4018000 1838       3       java.awt.Container::getMouseEventTarget (50 bytes)
Event: 43.228 Thread 0x00007fd0a4018000 nmethod 1838 0x0000000119baead0 code [0x0000000119baec60, 0x0000000119baef78]
Event: 43.381 Thread 0x00007fd0a4018000 1840       3       java.util.ArrayList::toArray (60 bytes)
Event: 43.382 Thread 0x00007fd0a4018000 nmethod 1840 0x0000000119baf050 code [0x0000000119baf1e0, 0x0000000119baf778]
Event: 43.382 Thread 0x00007fd0a4018000 1841       3       java.awt.Container::adjustListeningChildren (108 bytes)
Event: 43.382 Thread 0x00007fd0a4018000 nmethod 1841 0x0000000119baf8d0 code [0x0000000119bafa80, 0x0000000119bb00c8]

GC Heap History (0 events):
No events

Deoptimization events (10 events):
Event: 8.949 Thread 0x00007fd0a70f9000 Uncommon trap: reason=class_check action=maybe_recompile pc=0x00000001196ee458 method=java.lang.String.equals(Ljava/lang/Object;)Z @ 8
Event: 8.949 Thread 0x00007fd0a70f9000 Uncommon trap: reason=unstable_if action=reinterpret pc=0x000000011990d370 method=java.awt.Component.inside(II)Z @ 1
Event: 8.949 Thread 0x00007fd0a70f9000 Uncommon trap: reason=class_check action=maybe_recompile pc=0x00000001196ee458 method=java.lang.String.equals(Ljava/lang/Object;)Z @ 8
Event: 9.597 Thread 0x00007fd0a70f9000 Uncommon trap: reason=unstable_if action=reinterpret pc=0x0000000119930db8 method=java.util.concurrent.locks.ReentrantLock$Sync.tryRelease(I)Z @ 28
Event: 9.597 Thread 0x00007fd0a70f9000 Uncommon trap: reason=unstable_if action=reinterpret pc=0x000000011992a9e4 method=java.util.concurrent.locks.ReentrantLock$Sync.tryRelease(I)Z @ 28
Event: 14.770 Thread 0x00007fd0a70f9000 Uncommon trap: reason=unstable_if action=reinterpret pc=0x00000001199a3528 method=java.awt.Container.getMouseEventTargetImpl(IIZLjava/awt/Container$EventTargetFilter;ZZ)Ljava/awt/Component; @ 218
Event: 22.475 Thread 0x00007fd0a70f9000 Uncommon trap: reason=unstable_if action=reinterpret pc=0x00000001199b1b10 method=sun.awt.PostEventQueue.flush()V @ 23
Event: 25.098 Thread 0x00007fd0a70f9000 Uncommon trap: reason=unstable_if action=reinterpret pc=0x000000011992e6c4 method=java.awt.Container.findComponentAtImpl(IIZ)Ljava/awt/Component; @ 6
Event: 38.753 Thread 0x00007fd0a70f9000 Uncommon trap: reason=unstable_if action=reinterpret pc=0x0000000119a9cf34 method=sun.java2d.pipe.BufferedContext.validate(Lsun/java2d/pipe/hw/AccelSurface;Lsun/java2d/pipe/hw/AccelSurface;Lsun/java2d/pipe/Region;Ljava/awt/Composite;Ljava/awt/geom/AffineT
Event: 43.156 Thread 0x00007fd0a70f9000 Uncommon trap: reason=unstable_if action=reinterpret pc=0x0000000119b8c874 method=java.awt.Container$MouseEventTargetFilter.accept(Ljava/awt/Component;)Z @ 10

Classes redefined (0 events):
No events

Internal exceptions (10 events):
Event: 0.912 Thread 0x00007fd0a70f9000 Exception <a 'java/io/FileNotFoundException'> (0x000000076b333190) thrown at [/Users/java_re/workspace/8-2-build-macosx-x86_64/jdk8u171/10807/hotspot/src/share/vm/prims/jni.cpp, line 709]
Event: 0.958 Thread 0x00007fd0a70f9000 Exception <a 'java/io/FileNotFoundException'> (0x000000076b337fa0) thrown at [/Users/java_re/workspace/8-2-build-macosx-x86_64/jdk8u171/10807/hotspot/src/share/vm/prims/jni.cpp, line 709]
Event: 0.969 Thread 0x00007fd0a70f9000 Exception <a 'java/io/FileNotFoundException'> (0x000000076b33cb78) thrown at [/Users/java_re/workspace/8-2-build-macosx-x86_64/jdk8u171/10807/hotspot/src/share/vm/prims/jni.cpp, line 709]
Event: 0.982 Thread 0x00007fd0a70f9000 Exception <a 'java/io/FileNotFoundException'> (0x000000076b341820) thrown at [/Users/java_re/workspace/8-2-build-macosx-x86_64/jdk8u171/10807/hotspot/src/share/vm/prims/jni.cpp, line 709]
Event: 0.988 Thread 0x00007fd0a70f9000 Exception <a 'java/io/FileNotFoundException'> (0x000000076b3464e0) thrown at [/Users/java_re/workspace/8-2-build-macosx-x86_64/jdk8u171/10807/hotspot/src/share/vm/prims/jni.cpp, line 709]
Event: 0.995 Thread 0x00007fd0a70f9000 Exception <a 'java/io/FileNotFoundException'> (0x000000076b34b128) thrown at [/Users/java_re/workspace/8-2-build-macosx-x86_64/jdk8u171/10807/hotspot/src/share/vm/prims/jni.cpp, line 709]
Event: 3.466 Thread 0x00007fd0a70f9000 Exception <a 'java/io/FileNotFoundException'> (0x000000076ba25a30) thrown at [/Users/java_re/workspace/8-2-build-macosx-x86_64/jdk8u171/10807/hotspot/src/share/vm/prims/jni.cpp, line 709]
Event: 6.944 Thread 0x00007fd0a70f9000 Exception <a 'java/lang/ArrayIndexOutOfBoundsException': -1> (0x000000076bdbc2b0) thrown at [/Users/java_re/workspace/8-2-build-macosx-x86_64/jdk8u171/10807/hotspot/src/share/vm/interpreter/interpreterRuntime.cpp, line 366]
Event: 6.944 Thread 0x00007fd0a70f9000 Exception <a 'java/lang/ArrayIndexOutOfBoundsException'> (0x000000076bdbc2b0) thrown at [/Users/java_re/workspace/8-2-build-macosx-x86_64/jdk8u171/10807/hotspot/src/share/vm/prims/jvm.cpp, line 1439]
Event: 6.944 Thread 0x00007fd0a70f9000 Exception <a 'java/lang/ArrayIndexOutOfBoundsException'> (0x000000076bdbc2b0) thrown at [/Users/java_re/workspace/8-2-build-macosx-x86_64/jdk8u171/10807/hotspot/src/share/vm/prims/jvm.cpp, line 1439]

Events (10 events):
Event: 40.912 Thread 0x00007fd0a4015000 flushing nmethod 0x000000011967e9d0
Event: 40.912 Thread 0x00007fd0a4015000 flushing nmethod 0x000000011967ee90
Event: 40.912 Thread 0x00007fd0a4015000 flushing nmethod 0x000000011967f9d0
Event: 40.912 Thread 0x00007fd0a4015000 flushing nmethod 0x0000000119680a10
Event: 40.912 Thread 0x00007fd0a4015000 flushing nmethod 0x000000011968a5d0
Event: 40.912 Thread 0x00007fd0a4015000 flushing nmethod 0x000000011968a950
Event: 40.912 Thread 0x00007fd0a4015000 flushing nmethod 0x00000001196a2190
Event: 43.156 Thread 0x00007fd0a70f9000 Uncommon trap: trap_request=0xffffff65 fr.pc=0x0000000119b8c874
Event: 43.156 Thread 0x00007fd0a70f9000 DEOPT PACKING pc=0x0000000119b8c874 sp=0x000070000c2bdc40
Event: 43.156 Thread 0x00007fd0a70f9000 DEOPT UNPACKING pc=0x00000001195c473a sp=0x000070000c2bdb08 mode 2


Dynamic libraries:
0x000000000f943000 	/System/Library/Frameworks/Cocoa.framework/Versions/A/Cocoa
0x000000000f943000 	/System/Library/Frameworks/Security.framework/Versions/A/Security
0x000000000f943000 	/System/Library/Frameworks/ApplicationServices.framework/Versions/A/ApplicationServices
0x000000000f943000 	/usr/lib/libz.1.dylib
0x000000000f943000 	/usr/lib/libSystem.B.dylib
0x000000000f943000 	/usr/lib/libobjc.A.dylib
0x000000000f943000 	/System/Library/Frameworks/CoreFoundation.framework/Versions/A/CoreFoundation
0x000000000f943000 	/System/Library/Frameworks/Foundation.framework/Versions/C/Foundation
0x000000000f943000 	/System/Library/Frameworks/AppKit.framework/Versions/C/AppKit
0x000000000f943000 	/System/Library/Frameworks/CoreData.framework/Versions/A/CoreData
0x000000000f943000 	/System/Library/PrivateFrameworks/RemoteViewServices.framework/Versions/A/RemoteViewServices
0x000000000f943000 	/System/Library/PrivateFrameworks/UIFoundation.framework/Versions/A/UIFoundation
0x000000000f943000 	/System/Library/PrivateFrameworks/DFRFoundation.framework/Versions/A/DFRFoundation
0x000000000f943000 	/System/Library/Frameworks/Metal.framework/Versions/A/Metal
0x000000000f943000 	/System/Library/PrivateFrameworks/DesktopServicesPriv.framework/Versions/A/DesktopServicesPriv
0x000000000f943000 	/usr/lib/libenergytrace.dylib
0x000000000f943000 	/System/Library/PrivateFrameworks/SkyLight.framework/Versions/A/SkyLight
0x000000000f943000 	/System/Library/Frameworks/CoreGraphics.framework/Versions/A/CoreGraphics
0x000000000f943000 	/usr/lib/libScreenReader.dylib
0x000000000f943000 	/System/Library/Frameworks/Accelerate.framework/Versions/A/Accelerate
0x000000000f943000 	/System/Library/Frameworks/IOSurface.framework/Versions/A/IOSurface
0x000000000f943000 	/System/Library/Frameworks/AudioToolbox.framework/Versions/A/AudioToolbox
0x000000000f943000 	/System/Library/Frameworks/AudioUnit.framework/Versions/A/AudioUnit
0x000000000f943000 	/System/Library/PrivateFrameworks/DataDetectorsCore.framework/Versions/A/DataDetectorsCore
0x000000000f943000 	/System/Library/Frameworks/Carbon.framework/Versions/A/Frameworks/HIToolbox.framework/Versions/A/HIToolbox
0x000000000f943000 	/usr/lib/libicucore.A.dylib
0x000000000f943000 	/System/Library/Frameworks/QuartzCore.framework/Versions/A/QuartzCore
0x000000000f943000 	/System/Library/PrivateFrameworks/SignpostNotification.framework/Versions/A/SignpostNotification
0x000000000f943000 	/System/Library/Frameworks/Carbon.framework/Versions/A/Frameworks/SpeechRecognition.framework/Versions/A/SpeechRecognition
0x000000000f943000 	/usr/lib/libauto.dylib
0x000000000f943000 	/usr/lib/libxml2.2.dylib
0x000000000f943000 	/System/Library/PrivateFrameworks/CoreUI.framework/Versions/A/CoreUI
0x000000000f943000 	/System/Library/Frameworks/CoreAudio.framework/Versions/A/CoreAudio
0x000000000f943000 	/System/Library/Frameworks/DiskArbitration.framework/Versions/A/DiskArbitration
0x000000000f943000 	/usr/lib/liblangid.dylib
0x000000000f943000 	/System/Library/PrivateFrameworks/MultitouchSupport.framework/Versions/A/MultitouchSupport
0x000000000f943000 	/System/Library/Frameworks/IOKit.framework/Versions/A/IOKit
0x000000000f943000 	/usr/lib/libDiagnosticMessagesClient.dylib
0x000000000f943000 	/System/Library/Frameworks/CoreServices.framework/Versions/A/CoreServices
0x000000000f943000 	/System/Library/PrivateFrameworks/PerformanceAnalysis.framework/Versions/A/PerformanceAnalysis
0x000000000f943000 	/System/Library/Frameworks/OpenGL.framework/Versions/A/OpenGL
0x000000000f943000 	/System/Library/Frameworks/ColorSync.framework/Versions/A/ColorSync
0x000000000f943000 	/System/Library/Frameworks/CoreImage.framework/Versions/A/CoreImage
0x000000000f943000 	/System/Library/Frameworks/CoreText.framework/Versions/A/CoreText
0x000000000f943000 	/System/Library/Frameworks/ImageIO.framework/Versions/A/ImageIO
0x000000000f943000 	/System/Library/PrivateFrameworks/Backup.framework/Versions/A/Backup
0x000000000f943000 	/usr/lib/libarchive.2.dylib
0x000000000f943000 	/System/Library/Frameworks/CFNetwork.framework/Versions/A/CFNetwork
0x000000000f943000 	/System/Library/Frameworks/SystemConfiguration.framework/Versions/A/SystemConfiguration
0x000000000f943000 	/usr/lib/libCRFSuite.dylib
0x000000000f943000 	/usr/lib/libc++.1.dylib
0x000000000f943000 	/usr/lib/libc++abi.dylib
0x000000000f943000 	/usr/lib/system/libcache.dylib
0x000000000f943000 	/usr/lib/system/libcommonCrypto.dylib
0x000000000f943000 	/usr/lib/system/libcompiler_rt.dylib
0x000000000f943000 	/usr/lib/system/libcopyfile.dylib
0x000000000f943000 	/usr/lib/system/libcorecrypto.dylib
0x000000000f943000 	/usr/lib/system/libdispatch.dylib
0x000000000f943000 	/usr/lib/system/libdyld.dylib
0x000000000f943000 	/usr/lib/system/libkeymgr.dylib
0x000000000f943000 	/usr/lib/system/liblaunch.dylib
0x000000000f943000 	/usr/lib/system/libmacho.dylib
0x000000000f943000 	/usr/lib/system/libquarantine.dylib
0x000000000f943000 	/usr/lib/system/libremovefile.dylib
0x000000000f943000 	/usr/lib/system/libsystem_asl.dylib
0x000000000f943000 	/usr/lib/system/libsystem_blocks.dylib
0x000000000f943000 	/usr/lib/system/libsystem_c.dylib
0x000000000f943000 	/usr/lib/system/libsystem_configuration.dylib
0x000000000f943000 	/usr/lib/system/libsystem_coreservices.dylib
0x000000000f943000 	/usr/lib/system/libsystem_darwin.dylib
0x000000000f943000 	/usr/lib/system/libsystem_dnssd.dylib
0x000000000f943000 	/usr/lib/system/libsystem_info.dylib
0x000000000f943000 	/usr/lib/system/libsystem_m.dylib
0x000000000f943000 	/usr/lib/system/libsystem_malloc.dylib
0x000000000f943000 	/usr/lib/system/libsystem_network.dylib
0x000000000f943000 	/usr/lib/system/libsystem_networkextension.dylib
0x000000000f943000 	/usr/lib/system/libsystem_notify.dylib
0x000000000f943000 	/usr/lib/system/libsystem_sandbox.dylib
0x000000000f943000 	/usr/lib/system/libsystem_secinit.dylib
0x000000000f943000 	/usr/lib/system/libsystem_kernel.dylib
0x000000000f943000 	/usr/lib/system/libsystem_platform.dylib
0x000000000f943000 	/usr/lib/system/libsystem_pthread.dylib
0x000000000f943000 	/usr/lib/system/libsystem_symptoms.dylib
0x000000000f943000 	/usr/lib/system/libsystem_trace.dylib
0x000000000f943000 	/usr/lib/system/libunwind.dylib
0x000000000f943000 	/usr/lib/system/libxpc.dylib
0x000000000f943000 	/usr/lib/closure/libclosured.dylib
0x000000000f943000 	/usr/lib/libbsm.0.dylib
0x000000000f943000 	/usr/lib/system/libkxld.dylib
0x000000000f943000 	/usr/lib/libOpenScriptingUtil.dylib
0x000000000f943000 	/usr/lib/libcoretls.dylib
0x000000000f943000 	/usr/lib/libcoretls_cfhelpers.dylib
0x000000000f943000 	/usr/lib/libpam.2.dylib
0x000000000f943000 	/usr/lib/libsqlite3.dylib
0x000000000f943000 	/usr/lib/libxar.1.dylib
0x000000000f943000 	/usr/lib/libbz2.1.0.dylib
0x000000000f943000 	/usr/lib/liblzma.5.dylib
0x000000000f943000 	/usr/lib/libnetwork.dylib
0x000000000f943000 	/usr/lib/libapple_nghttp2.dylib
0x000000000f943000 	/usr/lib/libpcap.A.dylib
0x000000000f943000 	/usr/lib/libboringssl.dylib
0x000000000f943000 	/usr/lib/libusrtcp.dylib
0x000000000f943000 	/usr/lib/libapple_crypto.dylib
0x000000000f943000 	/System/Library/Frameworks/CoreServices.framework/Versions/A/Frameworks/FSEvents.framework/Versions/A/FSEvents
0x000000000f943000 	/System/Library/Frameworks/CoreServices.framework/Versions/A/Frameworks/CarbonCore.framework/Versions/A/CarbonCore
0x000000000f943000 	/System/Library/Frameworks/CoreServices.framework/Versions/A/Frameworks/Metadata.framework/Versions/A/Metadata
0x000000000f943000 	/System/Library/Frameworks/CoreServices.framework/Versions/A/Frameworks/OSServices.framework/Versions/A/OSServices
0x000000000f943000 	/System/Library/Frameworks/CoreServices.framework/Versions/A/Frameworks/SearchKit.framework/Versions/A/SearchKit
0x000000000f943000 	/System/Library/Frameworks/CoreServices.framework/Versions/A/Frameworks/AE.framework/Versions/A/AE
0x000000000f943000 	/System/Library/Frameworks/CoreServices.framework/Versions/A/Frameworks/LaunchServices.framework/Versions/A/LaunchServices
0x000000000f943000 	/System/Library/Frameworks/CoreServices.framework/Versions/A/Frameworks/DictionaryServices.framework/Versions/A/DictionaryServices
0x000000000f943000 	/System/Library/Frameworks/CoreServices.framework/Versions/A/Frameworks/SharedFileList.framework/Versions/A/SharedFileList
0x000000000f943000 	/System/Library/Frameworks/NetFS.framework/Versions/A/NetFS
0x000000000f943000 	/System/Library/PrivateFrameworks/NetAuth.framework/Versions/A/NetAuth
0x000000000f943000 	/System/Library/PrivateFrameworks/login.framework/Versions/A/Frameworks/loginsupport.framework/Versions/A/loginsupport
0x000000000f943000 	/System/Library/PrivateFrameworks/TCC.framework/Versions/A/TCC
0x000000000f943000 	/usr/lib/libmecabra.dylib
0x000000000f943000 	/System/Library/Frameworks/ApplicationServices.framework/Versions/A/Frameworks/ATS.framework/Versions/A/ATS
0x000000000f943000 	/System/Library/Frameworks/ApplicationServices.framework/Versions/A/Frameworks/ColorSyncLegacy.framework/Versions/A/ColorSyncLegacy
0x000000000f943000 	/System/Library/Frameworks/ApplicationServices.framework/Versions/A/Frameworks/HIServices.framework/Versions/A/HIServices
0x000000000f943000 	/System/Library/Frameworks/ApplicationServices.framework/Versions/A/Frameworks/LangAnalysis.framework/Versions/A/LangAnalysis
0x000000000f943000 	/System/Library/Frameworks/ApplicationServices.framework/Versions/A/Frameworks/PrintCore.framework/Versions/A/PrintCore
0x000000000f943000 	/System/Library/Frameworks/ApplicationServices.framework/Versions/A/Frameworks/QD.framework/Versions/A/QD
0x000000000f943000 	/System/Library/Frameworks/ApplicationServices.framework/Versions/A/Frameworks/SpeechSynthesis.framework/Versions/A/SpeechSynthesis
0x000000000f943000 	/System/Library/Frameworks/CoreDisplay.framework/Versions/A/CoreDisplay
0x000000000f943000 	/System/Library/Frameworks/Accelerate.framework/Versions/A/Frameworks/vImage.framework/Versions/A/vImage
0x000000000f943000 	/System/Library/Frameworks/Accelerate.framework/Versions/A/Frameworks/vecLib.framework/Versions/A/vecLib
0x000000000f943000 	/System/Library/Frameworks/Accelerate.framework/Versions/A/Frameworks/vecLib.framework/Versions/A/libvDSP.dylib
0x000000000f943000 	/System/Library/Frameworks/Accelerate.framework/Versions/A/Frameworks/vecLib.framework/Versions/A/libBNNS.dylib
0x000000000f943000 	/System/Library/Frameworks/Accelerate.framework/Versions/A/Frameworks/vecLib.framework/Versions/A/libQuadrature.dylib
0x000000000f943000 	/System/Library/Frameworks/Accelerate.framework/Versions/A/Frameworks/vecLib.framework/Versions/A/libvMisc.dylib
0x000000000f943000 	/System/Library/Frameworks/Accelerate.framework/Versions/A/Frameworks/vecLib.framework/Versions/A/libLAPACK.dylib
0x000000000f943000 	/System/Library/Frameworks/Accelerate.framework/Versions/A/Frameworks/vecLib.framework/Versions/A/libBLAS.dylib
0x000000000f943000 	/System/Library/Frameworks/Accelerate.framework/Versions/A/Frameworks/vecLib.framework/Versions/A/libLinearAlgebra.dylib
0x000000000f943000 	/System/Library/Frameworks/Accelerate.framework/Versions/A/Frameworks/vecLib.framework/Versions/A/libSparse.dylib
0x000000000f943000 	/System/Library/Frameworks/Accelerate.framework/Versions/A/Frameworks/vecLib.framework/Versions/A/libSparseBLAS.dylib
0x000000000f943000 	/System/Library/PrivateFrameworks/GPUWrangler.framework/Versions/A/GPUWrangler
0x000000000f943000 	/System/Library/PrivateFrameworks/IOAccelerator.framework/Versions/A/IOAccelerator
0x000000000f943000 	/System/Library/PrivateFrameworks/IOPresentment.framework/Versions/A/IOPresentment
0x000000000f943000 	/System/Library/PrivateFrameworks/DSExternalDisplay.framework/Versions/A/DSExternalDisplay
0x000000000f943000 	/System/Library/Frameworks/OpenGL.framework/Versions/A/Libraries/libCoreFSCache.dylib
0x000000000f943000 	/System/Library/Frameworks/CoreVideo.framework/Versions/A/CoreVideo
0x000000000f943000 	/System/Library/PrivateFrameworks/GraphVisualizer.framework/Versions/A/GraphVisualizer
0x000000000f943000 	/System/Library/Frameworks/MetalPerformanceShaders.framework/Versions/A/MetalPerformanceShaders
0x000000000f943000 	/usr/lib/libFosl_dynamic.dylib
0x000000000f943000 	/System/Library/PrivateFrameworks/FaceCore.framework/Versions/A/FaceCore
0x000000000f943000 	/System/Library/Frameworks/OpenCL.framework/Versions/A/OpenCL
0x000000000f943000 	/usr/lib/libcompression.dylib
0x000000000f943000 	/System/Library/Frameworks/ApplicationServices.framework/Versions/A/Frameworks/ATS.framework/Versions/A/Resources/libFontParser.dylib
0x000000000f943000 	/System/Library/Frameworks/ApplicationServices.framework/Versions/A/Frameworks/ATS.framework/Versions/A/Resources/libFontRegistry.dylib
0x000000000f943000 	/System/Library/Frameworks/ImageIO.framework/Versions/A/Resources/libJPEG.dylib
0x000000000f943000 	/System/Library/Frameworks/ImageIO.framework/Versions/A/Resources/libTIFF.dylib
0x000000000f943000 	/System/Library/Frameworks/ImageIO.framework/Versions/A/Resources/libPng.dylib
0x000000000f943000 	/System/Library/Frameworks/ImageIO.framework/Versions/A/Resources/libGIF.dylib
0x000000000f943000 	/System/Library/Frameworks/ImageIO.framework/Versions/A/Resources/libJP2.dylib
0x000000000f943000 	/System/Library/Frameworks/ImageIO.framework/Versions/A/Resources/libRadiance.dylib
0x000000000f943000 	/System/Library/PrivateFrameworks/AppleJPEG.framework/Versions/A/AppleJPEG
0x000000000f943000 	/System/Library/Frameworks/MetalPerformanceShaders.framework/Frameworks/MPSCore.framework/Versions/A/MPSCore
0x000000000f943000 	/System/Library/Frameworks/MetalPerformanceShaders.framework/Frameworks/MPSImage.framework/Versions/A/MPSImage
0x000000000f943000 	/System/Library/Frameworks/MetalPerformanceShaders.framework/Frameworks/MPSNeuralNetwork.framework/Versions/A/MPSNeuralNetwork
0x000000000f943000 	/System/Library/Frameworks/MetalPerformanceShaders.framework/Frameworks/MPSMatrix.framework/Versions/A/MPSMatrix
0x000000000f943000 	/System/Library/PrivateFrameworks/MetalTools.framework/Versions/A/MetalTools
0x000000000f943000 	/System/Library/Frameworks/OpenGL.framework/Versions/A/Libraries/libGLU.dylib
0x000000000f943000 	/System/Library/Frameworks/OpenGL.framework/Versions/A/Libraries/libGFXShared.dylib
0x000000000f943000 	/System/Library/Frameworks/OpenGL.framework/Versions/A/Libraries/libGL.dylib
0x000000000f943000 	/System/Library/Frameworks/OpenGL.framework/Versions/A/Libraries/libGLImage.dylib
0x000000000f943000 	/System/Library/Frameworks/OpenGL.framework/Versions/A/Libraries/libCVMSPluginSupport.dylib
0x000000000f943000 	/System/Library/Frameworks/OpenGL.framework/Versions/A/Libraries/libCoreVMClient.dylib
0x000000000f943000 	/usr/lib/libcups.2.dylib
0x000000000f943000 	/System/Library/Frameworks/Kerberos.framework/Versions/A/Kerberos
0x000000000f943000 	/System/Library/Frameworks/GSS.framework/Versions/A/GSS
0x000000000f943000 	/usr/lib/libresolv.9.dylib
0x000000000f943000 	/usr/lib/libiconv.2.dylib
0x000000000f943000 	/System/Library/PrivateFrameworks/Heimdal.framework/Versions/A/Heimdal
0x000000000f943000 	/usr/lib/libheimdal-asn1.dylib
0x000000000f943000 	/System/Library/Frameworks/OpenDirectory.framework/Versions/A/OpenDirectory
0x000000000f943000 	/System/Library/PrivateFrameworks/CommonAuth.framework/Versions/A/CommonAuth
0x000000000f943000 	/System/Library/Frameworks/OpenDirectory.framework/Versions/A/Frameworks/CFOpenDirectory.framework/Versions/A/CFOpenDirectory
0x000000000f943000 	/System/Library/Frameworks/SecurityFoundation.framework/Versions/A/SecurityFoundation
0x000000000f943000 	/System/Library/PrivateFrameworks/APFS.framework/Versions/A/APFS
0x000000000f943000 	/usr/lib/libutil.dylib
0x000000000f943000 	/System/Library/PrivateFrameworks/AppleSauce.framework/Versions/A/AppleSauce
0x000000000f943000 	/System/Library/PrivateFrameworks/LinguisticData.framework/Versions/A/LinguisticData
0x000000000f943000 	/usr/lib/libmarisa.dylib
0x000000000f943000 	/System/Library/PrivateFrameworks/Lexicon.framework/Versions/A/Lexicon
0x000000000f943000 	/usr/lib/libChineseTokenizer.dylib
0x000000000f943000 	/usr/lib/libcmph.dylib
0x000000000f943000 	/System/Library/PrivateFrameworks/LanguageModeling.framework/Versions/A/LanguageModeling
0x000000000f943000 	/System/Library/PrivateFrameworks/CoreEmoji.framework/Versions/A/CoreEmoji
0x000000000f943000 	/System/Library/Frameworks/ServiceManagement.framework/Versions/A/ServiceManagement
0x000000000f943000 	/System/Library/PrivateFrameworks/BackgroundTaskManagement.framework/Versions/A/BackgroundTaskManagement
0x000000000f943000 	/usr/lib/libxslt.1.dylib
0x000000000f943000 	/System/Library/Frameworks/Carbon.framework/Versions/A/Frameworks/Ink.framework/Versions/A/Ink
0x000000000f943000 	/System/Library/PrivateFrameworks/TextureIO.framework/Versions/A/TextureIO
0x000000000f943000 	/usr/lib/libate.dylib
0x000000000f943000 	/System/Library/PrivateFrameworks/CrashReporterSupport.framework/Versions/A/CrashReporterSupport
0x000000000f943000 	/System/Library/PrivateFrameworks/Sharing.framework/Versions/A/Sharing
0x000000000f943000 	/System/Library/PrivateFrameworks/IconServices.framework/Versions/A/IconServices
0x000000000f943000 	/System/Library/PrivateFrameworks/Apple80211.framework/Versions/A/Apple80211
0x000000000f943000 	/System/Library/PrivateFrameworks/CoreUtils.framework/Versions/A/CoreUtils
0x000000000f943000 	/System/Library/Frameworks/CoreWLAN.framework/Versions/A/CoreWLAN
0x000000000f943000 	/System/Library/Frameworks/IOBluetooth.framework/Versions/A/IOBluetooth
0x000000000f943000 	/System/Library/PrivateFrameworks/ProtocolBuffer.framework/Versions/A/ProtocolBuffer
0x000000000f943000 	/System/Library/PrivateFrameworks/CoreWiFi.framework/Versions/A/CoreWiFi
0x000000000f943000 	/System/Library/Frameworks/CoreBluetooth.framework/Versions/A/CoreBluetooth
0x000000000f943000 	/System/Library/PrivateFrameworks/DebugSymbols.framework/Versions/A/DebugSymbols
0x000000000f943000 	/System/Library/PrivateFrameworks/CoreSymbolication.framework/Versions/A/CoreSymbolication
0x000000000f943000 	/System/Library/PrivateFrameworks/Symbolication.framework/Versions/A/Symbolication
0x000000000f943000 	/System/Library/PrivateFrameworks/AppleFSCompression.framework/Versions/A/AppleFSCompression
0x000000000f943000 	/System/Library/PrivateFrameworks/SpeechRecognitionCore.framework/Versions/A/SpeechRecognitionCore
0x000000010da00000 	/Library/Java/JavaVirtualMachines/jdk1.8.0_171.jdk/Contents/Home/jre/lib/server/libjvm.dylib
0x000000000f943000 	/usr/lib/libstdc++.6.0.9.dylib
0x000000010c846000 	/Library/Java/JavaVirtualMachines/jdk1.8.0_171.jdk/Contents/Home/jre/lib/libverify.dylib
0x000000010c854000 	/Library/Java/JavaVirtualMachines/jdk1.8.0_171.jdk/Contents/Home/jre/lib/libjava.dylib
0x000000010c8d4000 	/Library/Java/JavaVirtualMachines/jdk1.8.0_171.jdk/Contents/Home/jre/lib/libzip.dylib
0x000000012b387000 	/Library/Java/JavaVirtualMachines/jdk1.8.0_171.jdk/Contents/Home/jre/lib/libawt.dylib
0x000000012b431000 	/Library/Java/JavaVirtualMachines/jdk1.8.0_171.jdk/Contents/Home/jre/lib/./libmlib_image.dylib
0x000000000f943000 	/System/Library/Frameworks/JavaVM.framework/Versions/A/Frameworks/JavaNativeFoundation.framework/Versions/A/JavaNativeFoundation
0x000000000f943000 	/System/Library/Frameworks/JavaVM.framework/Versions/A/Frameworks/JavaRuntimeSupport.framework/Versions/A/JavaRuntimeSupport
0x000000000f943000 	/System/Library/Frameworks/JavaVM.framework/Versions/A/JavaVM
0x000000000f943000 	/System/Library/PrivateFrameworks/JavaLaunching.framework/Versions/A/JavaLaunching
0x000000000f943000 	/System/Library/Frameworks/Carbon.framework/Versions/A/Carbon
0x000000000f943000 	/System/Library/Frameworks/Carbon.framework/Versions/A/Frameworks/CommonPanels.framework/Versions/A/CommonPanels
0x000000000f943000 	/System/Library/Frameworks/Carbon.framework/Versions/A/Frameworks/Help.framework/Versions/A/Help
0x000000000f943000 	/System/Library/Frameworks/Carbon.framework/Versions/A/Frameworks/ImageCapture.framework/Versions/A/ImageCapture
0x000000000f943000 	/System/Library/Frameworks/Carbon.framework/Versions/A/Frameworks/OpenScripting.framework/Versions/A/OpenScripting
0x000000000f943000 	/System/Library/Frameworks/Carbon.framework/Versions/A/Frameworks/Print.framework/Versions/A/Print
0x000000000f943000 	/System/Library/Frameworks/Carbon.framework/Versions/A/Frameworks/SecurityHI.framework/Versions/A/SecurityHI
0x000000012b4fd000 	/Library/Java/JavaVirtualMachines/jdk1.8.0_171.jdk/Contents/Home/jre/lib/libawt_lwawt.dylib
0x000000012b5b7000 	/Library/Java/JavaVirtualMachines/jdk1.8.0_171.jdk/Contents/Home/jre/lib/./libosxapp.dylib
0x000000000f943000 	/System/Library/Frameworks/ExceptionHandling.framework/Versions/A/ExceptionHandling
0x000000000f943000 	/System/Library/PrivateFrameworks/CoreServicesInternal.framework/Versions/A/CoreServicesInternal
0x000000000f943000 	/System/Library/CoreServices/RawCamera.bundle/Contents/MacOS/RawCamera
0x000000000f943000 	/System/Library/PrivateFrameworks/MobileAsset.framework/Versions/A/MobileAsset
0x000000000f943000 	/System/Library/PrivateFrameworks/StreamingZip.framework/Versions/A/StreamingZip
0x000000000f943000 	/System/Library/Frameworks/MediaToolbox.framework/Versions/A/MediaToolbox
0x000000000f943000 	/System/Library/PrivateFrameworks/CoreAVCHD.framework/Versions/A/CoreAVCHD
0x000000000f943000 	/System/Library/Frameworks/MediaAccessibility.framework/Versions/A/MediaAccessibility
0x000000000f943000 	/System/Library/PrivateFrameworks/Mangrove.framework/Versions/A/Mangrove
0x000000000f943000 	/System/Library/Frameworks/CoreMedia.framework/Versions/A/CoreMedia
0x000000000f943000 	/System/Library/Frameworks/VideoToolbox.framework/Versions/A/VideoToolbox
0x000000000f943000 	/System/Library/PrivateFrameworks/CoreAUC.framework/Versions/A/CoreAUC
0x000000000f943000 	/usr/lib/libspindump.dylib
0x000000000f943000 	/System/Library/PrivateFrameworks/AppleVA.framework/Versions/A/AppleVA
0x000000000f943000 	/System/Library/Frameworks/Accelerate.framework/Versions/A/Frameworks/vImage.framework/Versions/A/Libraries/libCGInterfaces.dylib
0x000000000f943000 	/System/Library/Frameworks/ApplicationServices.framework/Versions/A/Frameworks/ATS.framework/Versions/A/Resources/libTrueTypeScaler.dylib
0x000000000f943000 	/System/Library/Extensions/AppleIntelHD4000GraphicsMTLDriver.bundle/Contents/MacOS/AppleIntelHD4000GraphicsMTLDriver
0x000000000f943000 	/System/Library/Extensions/GeForceMTLDriver.bundle/Contents/MacOS/GeForceMTLDriver
0x000000000f943000 	/System/Library/PrivateFrameworks/GPUCompiler.framework/Versions/3802/Libraries/libmetal_timestamp.dylib
0x000000000f943000 	/System/Library/PrivateFrameworks/FamilyControls.framework/Versions/A/FamilyControls
0x000000000f943000 	/System/Library/PrivateFrameworks/CommerceKit.framework/Versions/A/Frameworks/CommerceCore.framework/Versions/A/CommerceCore
0x000000000f943000 	/System/Library/PrivateFrameworks/SystemAdministration.framework/Versions/A/SystemAdministration
0x000000000f943000 	/System/Library/PrivateFrameworks/AppContainer.framework/Versions/A/AppContainer
0x000000000f943000 	/System/Library/PrivateFrameworks/SecCodeWrapper.framework/Versions/A/SecCodeWrapper
0x000000000f943000 	/System/Library/PrivateFrameworks/DiskManagement.framework/Versions/A/DiskManagement
0x000000000f943000 	/System/Library/Frameworks/DirectoryService.framework/Versions/A/DirectoryService
0x000000000f943000 	/System/Library/PrivateFrameworks/DiskImages.framework/Versions/A/DiskImages
0x000000000f943000 	/System/Library/PrivateFrameworks/LoginUIKit.framework/Versions/A/Frameworks/LoginUICore.framework/Versions/A/LoginUICore
0x000000000f943000 	/usr/lib/libCoreStorage.dylib
0x000000000f943000 	/usr/lib/libcsfde.dylib
0x000000000f943000 	/usr/lib/libodfde.dylib
0x000000000f943000 	/System/Library/PrivateFrameworks/MediaKit.framework/Versions/A/MediaKit
0x000000000f943000 	/System/Library/Frameworks/DiscRecording.framework/Versions/A/DiscRecording
0x000000000f943000 	/System/Library/PrivateFrameworks/EFILogin.framework/Versions/A/EFILogin
0x000000000f943000 	/System/Library/PrivateFrameworks/ProtectedCloudStorage.framework/Versions/A/ProtectedCloudStorage
0x000000000f943000 	/usr/lib/libcurl.4.dylib
0x000000000f943000 	/usr/lib/libcrypto.35.dylib
0x000000000f943000 	/usr/lib/libssl.35.dylib
0x000000000f943000 	/System/Library/Frameworks/LDAP.framework/Versions/A/LDAP
0x000000000f943000 	/System/Library/PrivateFrameworks/TrustEvaluationAgent.framework/Versions/A/TrustEvaluationAgent
0x000000000f943000 	/usr/lib/libsasl2.2.dylib
0x000000000f943000 	/System/Library/PrivateFrameworks/CoreDaemon.framework/Versions/B/CoreDaemon
0x000000000f943000 	/System/Library/PrivateFrameworks/AppleSRP.framework/Versions/A/AppleSRP
0x000000012d7c9000 	/Library/Java/JavaVirtualMachines/jdk1.8.0_171.jdk/Contents/Home/jre/lib/libfontmanager.dylib
0x000000012cebb000 	/Library/Java/JavaVirtualMachines/jdk1.8.0_171.jdk/Contents/Home/jre/lib/libosxui.dylib
0x000000000f943000 	/System/Library/Frameworks/OpenGL.framework/Versions/A/Resources/GLEngine.bundle/GLEngine
0x000000000f943000 	/System/Library/Frameworks/OpenGL.framework/Versions/A/Libraries/libGLProgrammability.dylib
0x000000012e3d8000 	/System/Library/Extensions/AppleIntelHD4000GraphicsGLDriver.bundle/Contents/MacOS/AppleIntelHD4000GraphicsGLDriver
0x000000000f943000 	/System/Library/PrivateFrameworks/GPUSupport.framework/Versions/A/Libraries/libGPUSupportMercury.dylib
0x000000000f943000 	/System/Library/Extensions/GeForceGLDriver.bundle/Contents/MacOS/GeForceGLDriver
0x000000000f943000 	/System/Library/Extensions/GeForceGLDriver.bundle/Contents/MacOS/libclh.dylib
0x000000000f943000 	/System/Library/Frameworks/OpenGL.framework/Versions/A/Resources/GLRendererFloat.bundle/GLRendererFloat
0x000000000f943000 	/System/Library/Frameworks/OpenCL.framework/Versions/A/Libraries/libcldcpuengine.dylib
0x000000000f943000 	/System/Library/PrivateFrameworks/ViewBridge.framework/Versions/A/ViewBridge
0x0000000130de2000 	/Library/Java/JavaVirtualMachines/jdk1.8.0_171.jdk/Contents/Home/jre/lib/libnet.dylib
0x0000000130df9000 	/Library/Java/JavaVirtualMachines/jdk1.8.0_171.jdk/Contents/Home/jre/lib/libnio.dylib
0x00000001628e9000 	/Library/Java/JavaVirtualMachines/jdk1.8.0_171.jdk/Contents/Home/jre/lib/libdcpr.dylib

VM Arguments:
jvm_args: -Dfile.encoding=UTF-8 
java_command: View.JFPrincipal
java_class_path (initial): /Applications/NetBeans/NetBeans 8.2.app/Contents/Resources/NetBeans/java/modules/ext/beansbinding-1.2.1.jar:/Users/gabriel/Documents/unicamp/materias/computacao/mc302/javasoft/build/classes
Launcher Type: SUN_STANDARD

Environment Variables:
PATH=/usr/bin:/bin:/usr/sbin:/sbin
LD_LIBRARY_PATH=/Library/Java/JavaVirtualMachines/jdk1.8.0_171.jdk/Contents/Home/jre/lib/amd64:/Library/Java/JavaVirtualMachines/jdk1.8.0_171.jdk/Contents/Home/jre/lib/i386:
SHELL=/bin/bash

Signal Handlers:
SIGSEGV: [libjvm.dylib+0x5b512d], sa_mask[0]=11111111011111110111111111111111, sa_flags=SA_ONSTACK|SA_RESTART|SA_SIGINFO
SIGBUS: [libjvm.dylib+0x5b512d], sa_mask[0]=11111111011111110111111111111111, sa_flags=SA_RESTART|SA_SIGINFO
SIGFPE: [libjvm.dylib+0x48aa90], sa_mask[0]=11111111011111110111111111111111, sa_flags=SA_RESTART|SA_SIGINFO
SIGPIPE: [libjvm.dylib+0x48aa90], sa_mask[0]=11111111011111110111111111111111, sa_flags=SA_RESTART|SA_SIGINFO
SIGXFSZ: [libjvm.dylib+0x48aa90], sa_mask[0]=11111111011111110111111111111111, sa_flags=SA_RESTART|SA_SIGINFO
SIGILL: [libjvm.dylib+0x48aa90], sa_mask[0]=11111111011111110111111111111111, sa_flags=SA_RESTART|SA_SIGINFO
SIGUSR1: SIG_DFL, sa_mask[0]=00000000000000000000000000000000, sa_flags=none
SIGUSR2: [libjvm.dylib+0x48a5ae], sa_mask[0]=00100000000000000000000000000000, sa_flags=SA_RESTART|SA_SIGINFO
SIGHUP: [libjvm.dylib+0x488b79], sa_mask[0]=11111111011111110111111111111111, sa_flags=SA_RESTART|SA_SIGINFO
SIGINT: SIG_IGN, sa_mask[0]=00000000000000000000000000000000, sa_flags=none
SIGTERM: [libjvm.dylib+0x488b79], sa_mask[0]=11111111011111110111111111111111, sa_flags=SA_RESTART|SA_SIGINFO
SIGQUIT: [libjvm.dylib+0x488b79], sa_mask[0]=11111111011111110111111111111111, sa_flags=SA_RESTART|SA_SIGINFO


---------------  S Y S T E M  ---------------

OS:Bsduname:Darwin 17.6.0 Darwin Kernel Version 17.6.0: Tue May  8 15:22:16 PDT 2018; root:xnu-4570.61.1~1/RELEASE_X86_64 x86_64
rlimit: STACK 8192k, CORE 0k, NPROC 1418, NOFILE 10240, AS infinity
load average:2.06 1.69 1.46

CPU:total 8 (initial active 8) (4 cores per cpu, 2 threads per core) family 6 model 58 stepping 9, cmov, cx8, fxsr, mmx, sse, sse2, sse3, ssse3, sse4.1, sse4.2, popcnt, avx, aes, clmul, erms, ht, tsc, tscinvbit, tscinv

Memory: 4k page, physical 16777216k(3945100k free)

/proc/meminfo:


vm_info: Java HotSpot(TM) 64-Bit Server VM (25.171-b11) for bsd-amd64 JRE (1.8.0_171-b11), built on Mar 28 2018 12:50:57 by "java_re" with gcc 4.2.1 (Based on Apple Inc. build 5658) (LLVM build 2336.11.00)

time: Tue Jun 26 14:25:00 2018
elapsed time: 43 seconds (0d 0h 0m 43s)

