#
# A fatal error has been detected by the Java Runtime Environment:
#
#  SIGSEGV (0xb) at pc=0x00000001108b45aa, pid=1522, tid=0x0000000000003b03
#
# JRE version: Java(TM) SE Runtime Environment (8.0_171-b11) (build 1.8.0_171-b11)
# Java VM: Java HotSpot(TM) 64-Bit Server VM (25.171-b11 mixed mode bsd-amd64 compressed oops)
# Problematic frame:
# V  [libjvm.dylib+0x2b45aa]  IndexSet::alloc_block()+0x3e
#
# Failed to write core dump. Core dumps have been disabled. To enable core dumping, try "ulimit -c unlimited" before starting Java again
#
# If you would like to submit a bug report, please visit:
#   http://bugreport.java.com/bugreport/crash.jsp
#

---------------  T H R E A D  ---------------

Current thread (0x00007fbd9c01a000):  JavaThread "C2 CompilerThread2" daemon [_thread_in_native, id=15107, stack(0x000070000be86000,0x000070000bf86000)]

siginfo: si_signo: 11 (SIGSEGV), si_code: 1 (SEGV_MAPERR), si_addr: 0x00007fbd2e4d95e0

Registers:
RAX=0x00007fbd2e4d95e0, RBX=0x000070000bf84f80, RCX=0x00007fbd9c4d96a0, RDX=0x0000000000000000
RSP=0x000070000bf82410, RBP=0x000070000bf82420, RSI=0x0000000169a8e850, RDI=0x0000000000000109
R8 =0x000000000000000c, R9 =0x0000000000000000, R10=0x0000000000000000, R11=0x0000000110e3c1f0
R12=0x0000000000000007, R13=0x00007fbd9c23fda0, R14=0x000070000bf82648, R15=0x0000000110eeddf0
RIP=0x00000001108b45aa, EFLAGS=0x0000000000010202, ERR=0x0000000000000004
  TRAPNO=0x000000000000000e

Top of Stack: (sp=0x000070000bf82410)
0x000070000bf82410:   000070000bf82648 0000000000000008
0x000070000bf82420:   000070000bf82460 00000001108b4688
0x000070000bf82430:   0000000169a8e850 00007fbd9c38a5e0
0x000070000bf82440:   000000012f440010 000000012f4b0520
0x000070000bf82450:   0000000000000002 00000000000704d8
0x000070000bf82460:   000070000bf82710 00000001108b0152
0x000070000bf82470:   0000000000007fe8 0000000000000261
0x000070000bf82480:   00007fbd9c38a740 ffffffff106a5589
0x000070000bf82490:   0000000000001080 0000000000000000
0x000070000bf824a0:   0000001900000002 00007fbd9c93f220
0x000070000bf824b0:   0000000100000000 02000000fffffffe
0x000070000bf824c0:   000000012f499e70 000000012f499e78
0x000070000bf824d0:   000000012f499e80 000000012f499e88
0x000070000bf824e0:   00007fbd9c38a5e0 000000012f4ab450
0x000070000bf824f0:   0000000000000000 0000000000500000
0x000070000bf82500:   000000012f4ab458 0000000000000000
0x000070000bf82510:   000000012f4ab460 fffffffffffffff0
0x000070000bf82520:   000000012f4ab468 ffffffff00000002
0x000070000bf82530:   000070000bf834e0 0000000000000002
0x000070000bf82540:   0000000000000000 3fe2fd7f00000000
0x000070000bf82550:   0000000000300000 0000000000000000
0x000070000bf82560:   0000000000000000 0000000000000000
0x000070000bf82570:   0000000000000000 0000108500000000
0x000070000bf82580:   0000000000000008 00007fbd9c4d9000
0x000070000bf82590:   00007fbd00000012 00007fbd9c4d8950
0x000070000bf825a0:   00007fbd00000012 000070000bf82648
0x000070000bf825b0:   0303030300000000 0303030303030303
0x000070000bf825c0:   0000000003030303 0000000000000000
0x000070000bf825d0:   0000000000000000 0000000005055455
0x000070000bf825e0:   0000000000000000 0000000000000000
0x000070000bf825f0:   0000000000000000 0000000000000000
0x000070000bf82600:   0000108500000000 0000000100000008 

Instructions: (pc=0x00000001108b45aa)
0x00000001108b458a:   00 48 8b 98 88 00 00 00 48 8b 83 f0 07 00 00 48
0x00000001108b459a:   85 c0 75 0c e8 31 ff ff ff 48 8b 83 f0 07 00 00
0x00000001108b45aa:   48 8b 08 48 89 8b f0 07 00 00 48 c7 40 18 00 00
0x00000001108b45ba:   00 00 48 c7 40 10 00 00 00 00 48 c7 40 08 00 00 

Register to memory mapping:

RAX=0x00007fbd2e4d95e0 is an unknown value
RBX=0x000070000bf84f80 is pointing into the stack for thread: 0x00007fbd9c01a000
RCX=0x00007fbd9c4d96a0 is an unknown value
RDX=0x0000000000000000 is an unknown value
RSP=0x000070000bf82410 is pointing into the stack for thread: 0x00007fbd9c01a000
RBP=0x000070000bf82420 is pointing into the stack for thread: 0x00007fbd9c01a000
RSI=0x0000000169a8e850 is an unknown value
RDI=0x0000000000000109 is an unknown value
R8 =0x000000000000000c is an unknown value
R9 =0x0000000000000000 is an unknown value
R10=0x0000000000000000 is an unknown value
R11=0x0000000110e3c1f0: _ZL8tc_mutex+0x20 in /Library/Java/JavaVirtualMachines/jdk1.8.0_171.jdk/Contents/Home/jre/lib/server/libjvm.dylib at 0x0000000110600000
R12=0x0000000000000007 is an unknown value
R13=0x00007fbd9c23fda0 is an unknown value
R14=0x000070000bf82648 is pointing into the stack for thread: 0x00007fbd9c01a000
R15=0x0000000110eeddf0: _ZN8IndexSet12_empty_blockE+0 in /Library/Java/JavaVirtualMachines/jdk1.8.0_171.jdk/Contents/Home/jre/lib/server/libjvm.dylib at 0x0000000110600000


Stack: [0x000070000be86000,0x000070000bf86000],  sp=0x000070000bf82410,  free space=1009k
Native frames: (J=compiled Java code, j=interpreted, Vv=VM code, C=native code)
V  [libjvm.dylib+0x2b45aa]  IndexSet::alloc_block()+0x3e
V  [libjvm.dylib+0x2b4688]  IndexSet::IndexSet(IndexSet*)+0xae
V  [libjvm.dylib+0x2b0152]  PhaseChaitin::build_ifg_physical(ResourceArea*)+0x90
V  [libjvm.dylib+0x161cf8]  PhaseChaitin::Register_Allocate()+0x60c
V  [libjvm.dylib+0x1afde4]  Compile::Code_Gen()+0x14e
V  [libjvm.dylib+0x1b3fe1]  Compile::Compile(ciEnv*, C2Compiler*, ciMethod*, int, bool, bool, bool)+0x98d
V  [libjvm.dylib+0x150f22]  C2Compiler::compile_method(ciEnv*, ciMethod*, int)+0xb2
V  [libjvm.dylib+0x1b767e]  CompileBroker::invoke_compiler_on_method(CompileTask*)+0x5b2
V  [libjvm.dylib+0x1b9bc5]  CompileBroker::compiler_thread_loop()+0x291
V  [libjvm.dylib+0x56eb0f]  JavaThread::thread_main_inner()+0x9b
V  [libjvm.dylib+0x57020a]  JavaThread::run()+0x1c2
V  [libjvm.dylib+0x48d4a6]  java_start(Thread*)+0xf6
C  [libsystem_pthread.dylib+0x3661]  _pthread_body+0x154
C  [libsystem_pthread.dylib+0x350d]  _pthread_body+0x0
C  [libsystem_pthread.dylib+0x2bf9]  thread_start+0xd
C  0x0000000000000000


Current CompileTask:
C2:  13834 1469   !   4       sun.awt.PostEventQueue::flush (168 bytes)


---------------  P R O C E S S  ---------------

Java Threads: ( => current thread )
  0x00007fbd9a97c800 JavaThread "DestroyJavaVM" [_thread_blocked, id=5891, stack(0x000070000af59000,0x000070000b059000)]
  0x00007fbd9a987800 JavaThread "AWT-EventQueue-0" [_thread_blocked, id=55875, stack(0x000070000c8ad000,0x000070000c9ad000)]
  0x00007fbd9a986800 JavaThread "Java2D Disposer" daemon [_thread_blocked, id=50955, stack(0x000070000c7aa000,0x000070000c8aa000)]
  0x00007fbd9c17d000 JavaThread "Java2D Queue Flusher" daemon [_thread_blocked, id=47463, stack(0x000070000c6a7000,0x000070000c7a7000)]
  0x00007fbd9c955000 JavaThread "AWT-Shutdown" [_thread_blocked, id=37163, stack(0x000070000c315000,0x000070000c415000)]
  0x00007fbd9a861800 JavaThread "AppKit Thread" daemon [_thread_in_native, id=775, stack(0x00007ffee08f0000,0x00007ffee10f0000)]
  0x00007fbd9c892800 JavaThread "Service Thread" daemon [_thread_blocked, id=15875, stack(0x000070000c08c000,0x000070000c18c000)]
  0x00007fbd9d002000 JavaThread "C1 CompilerThread3" daemon [_thread_blocked, id=15619, stack(0x000070000bf89000,0x000070000c089000)]
=>0x00007fbd9c01a000 JavaThread "C2 CompilerThread2" daemon [_thread_in_native, id=15107, stack(0x000070000be86000,0x000070000bf86000)]
  0x00007fbd9c892000 JavaThread "C2 CompilerThread1" daemon [_thread_blocked, id=14595, stack(0x000070000bd83000,0x000070000be83000)]
  0x00007fbd9c82e800 JavaThread "C2 CompilerThread0" daemon [_thread_blocked, id=17155, stack(0x000070000bc80000,0x000070000bd80000)]
  0x00007fbd9c023800 JavaThread "Signal Dispatcher" daemon [_thread_blocked, id=14091, stack(0x000070000bb7d000,0x000070000bc7d000)]
  0x00007fbd9c859000 JavaThread "Finalizer" daemon [_thread_blocked, id=18947, stack(0x000070000ba7a000,0x000070000bb7a000)]
  0x00007fbd9c023000 JavaThread "Reference Handler" daemon [_thread_blocked, id=19203, stack(0x000070000b977000,0x000070000ba77000)]

Other Threads:
  0x00007fbd9c853000 VMThread [stack: 0x000070000b874000,0x000070000b974000] [id=19715]
  0x00007fbd9c01c800 WatcherThread [stack: 0x000070000c18f000,0x000070000c28f000] [id=16643]

VM state:not at safepoint (normal execution)

VM Mutex/Monitor currently owned by a thread: None

Heap:
 PSYoungGen      total 76288K, used 20974K [0x000000076ab00000, 0x0000000770000000, 0x00000007c0000000)
  eden space 65536K, 32% used [0x000000076ab00000,0x000000076bf7b9c0,0x000000076eb00000)
  from space 10752K, 0% used [0x000000076f580000,0x000000076f580000,0x0000000770000000)
  to   space 10752K, 0% used [0x000000076eb00000,0x000000076eb00000,0x000000076f580000)
 ParOldGen       total 175104K, used 0K [0x00000006c0000000, 0x00000006cab00000, 0x000000076ab00000)
  object space 175104K, 0% used [0x00000006c0000000,0x00000006c0000000,0x00000006cab00000)
 Metaspace       used 14418K, capacity 14746K, committed 15104K, reserved 1062912K
  class space    used 1862K, capacity 1957K, committed 2048K, reserved 1048576K

Card table byte_map: [0x00000001205ae000,0x0000000120daf000] byte_map_base: 0x000000011cfae000

Marking Bits: (ParMarkBitMap*) 0x0000000110ef76e0
 Begin Bits: [0x0000000121305000, 0x0000000125305000)
 End Bits:   [0x0000000125305000, 0x0000000129305000)

Polling page: 0x000000010eb95000

CodeCache: size=245760Kb used=5128Kb max_used=5128Kb free=240631Kb
 bounds [0x00000001115ae000, 0x0000000111abe000, 0x00000001205ae000]
 total_blobs=2031 nmethods=1468 adapters=476
 compilation: enabled

Compilation events (10 events):
Event: 13.507 Thread 0x00007fbd9d002000 nmethod 1463 0x0000000111aad650 code [0x0000000111aad7a0, 0x0000000111aad8f0]
Event: 13.507 Thread 0x00007fbd9d002000 1464       3       java.awt.Rectangle::getY (6 bytes)
Event: 13.507 Thread 0x00007fbd9d002000 nmethod 1464 0x0000000111aad950 code [0x0000000111aadaa0, 0x0000000111aadbf0]
Event: 13.508 Thread 0x00007fbd9d002000 1466       3       javax.swing.JComponent::isDoubleBuffered (6 bytes)
Event: 13.509 Thread 0x00007fbd9d002000 nmethod 1466 0x0000000111aadc50 code [0x0000000111aaddc0, 0x0000000111aadfd0]
Event: 13.512 Thread 0x00007fbd9d002000 1467       3       java.awt.MultipleGradientPaint::<init> (450 bytes)
Event: 13.513 Thread 0x00007fbd9d002000 nmethod 1467 0x0000000111aae090 code [0x0000000111aae4e0, 0x0000000111ab0c88]
Event: 13.513 Thread 0x00007fbd9d002000 1468       3       sun.java2d.SunGraphics2D::transformShape (36 bytes)
Event: 13.514 Thread 0x00007fbd9d002000 nmethod 1468 0x0000000111ab2610 code [0x0000000111ab27a0, 0x0000000111ab2a18]
Event: 13.751 Thread 0x00007fbd9c01a000 1469   !   4       sun.awt.PostEventQueue::flush (168 bytes)

GC Heap History (0 events):
No events

Deoptimization events (7 events):
Event: 2.261 Thread 0x00007fbd9a987800 Uncommon trap: reason=unstable_if action=reinterpret pc=0x0000000111834580 method=java.lang.String.toLowerCase(Ljava/util/Locale;)Ljava/lang/String; @ 85
Event: 10.182 Thread 0x00007fbd9a987800 Uncommon trap: reason=unstable_if action=reinterpret pc=0x000000011186e418 method=javax.swing.plaf.nimbus.DerivedColor.equals(Ljava/lang/Object;)Z @ 77
Event: 10.246 Thread 0x00007fbd9a987800 Uncommon trap: reason=unstable_if action=reinterpret pc=0x00000001119e7aec method=java.util.HashMap.putVal(ILjava/lang/Object;Ljava/lang/Object;ZZ)Ljava/lang/Object; @ 109
Event: 10.255 Thread 0x00007fbd9a987800 Uncommon trap: reason=class_check action=maybe_recompile pc=0x000000011171b318 method=java.lang.String.equals(Ljava/lang/Object;)Z @ 8
Event: 10.257 Thread 0x00007fbd9a987800 Uncommon trap: reason=class_check action=maybe_recompile pc=0x000000011171b318 method=java.lang.String.equals(Ljava/lang/Object;)Z @ 8
Event: 10.310 Thread 0x00007fbd9a987800 Uncommon trap: reason=class_check action=maybe_recompile pc=0x000000011171b318 method=java.lang.String.equals(Ljava/lang/Object;)Z @ 8
Event: 10.312 Thread 0x00007fbd9a987800 Uncommon trap: reason=class_check action=maybe_recompile pc=0x000000011171b318 method=java.lang.String.equals(Ljava/lang/Object;)Z @ 8

Classes redefined (0 events):
No events

Internal exceptions (10 events):
Event: 0.681 Thread 0x00007fbd9c006000 Exception <a 'java/lang/ClassNotFoundException': Tree> (0x000000076b085150) thrown at [/Users/java_re/workspace/8-2-build-macosx-x86_64/jdk8u171/10807/hotspot/src/share/vm/classfile/systemDictionary.cpp, line 210]
Event: 0.681 Thread 0x00007fbd9c006000 Exception <a 'java/lang/ClassNotFoundException': javax/swing/JTreeCell> (0x000000076b0854d0) thrown at [/Users/java_re/workspace/8-2-build-macosx-x86_64/jdk8u171/10807/hotspot/src/share/vm/classfile/systemDictionary.cpp, line 210]
Event: 0.681 Thread 0x00007fbd9c006000 Exception <a 'java/lang/ClassNotFoundException': TreeCell> (0x000000076b085958) thrown at [/Users/java_re/workspace/8-2-build-macosx-x86_64/jdk8u171/10807/hotspot/src/share/vm/classfile/systemDictionary.cpp, line 210]
Event: 0.682 Thread 0x00007fbd9c006000 Exception <a 'java/lang/ClassNotFoundException': RootPane> (0x000000076b0863b8) thrown at [/Users/java_re/workspace/8-2-build-macosx-x86_64/jdk8u171/10807/hotspot/src/share/vm/classfile/systemDictionary.cpp, line 210]
Event: 0.727 Thread 0x00007fbd9a987800 Exception <a 'java/io/FileNotFoundException'> (0x000000076b333190) thrown at [/Users/java_re/workspace/8-2-build-macosx-x86_64/jdk8u171/10807/hotspot/src/share/vm/prims/jni.cpp, line 709]
Event: 0.766 Thread 0x00007fbd9a987800 Exception <a 'java/io/FileNotFoundException'> (0x000000076b337fa0) thrown at [/Users/java_re/workspace/8-2-build-macosx-x86_64/jdk8u171/10807/hotspot/src/share/vm/prims/jni.cpp, line 709]
Event: 0.776 Thread 0x00007fbd9a987800 Exception <a 'java/io/FileNotFoundException'> (0x000000076b33cb78) thrown at [/Users/java_re/workspace/8-2-build-macosx-x86_64/jdk8u171/10807/hotspot/src/share/vm/prims/jni.cpp, line 709]
Event: 0.788 Thread 0x00007fbd9a987800 Exception <a 'java/io/FileNotFoundException'> (0x000000076b341820) thrown at [/Users/java_re/workspace/8-2-build-macosx-x86_64/jdk8u171/10807/hotspot/src/share/vm/prims/jni.cpp, line 709]
Event: 0.795 Thread 0x00007fbd9a987800 Exception <a 'java/io/FileNotFoundException'> (0x000000076b3464e0) thrown at [/Users/java_re/workspace/8-2-build-macosx-x86_64/jdk8u171/10807/hotspot/src/share/vm/prims/jni.cpp, line 709]
Event: 0.803 Thread 0x00007fbd9a987800 Exception <a 'java/io/FileNotFoundException'> (0x000000076b34b128) thrown at [/Users/java_re/workspace/8-2-build-macosx-x86_64/jdk8u171/10807/hotspot/src/share/vm/prims/jni.cpp, line 709]

Events (10 events):
Event: 13.438 loading class Model/Loja
Event: 13.438 loading class Model/Loja done
Event: 13.438 loading class java/util/function/Consumer
Event: 13.438 loading class java/util/function/Consumer done
Event: 13.439 loading class Model/ModeloTabela
Event: 13.439 loading class Model/ModeloTabela done
Event: 13.439 Executing VM operation: RevokeBias
Event: 13.439 Executing VM operation: RevokeBias done
Event: 13.439 Executing VM operation: RevokeBias
Event: 13.439 Executing VM operation: RevokeBias done


Dynamic libraries:
0x000000000f943000 	/System/Library/Frameworks/Cocoa.framework/Versions/A/Cocoa
0x000000000f943000 	/System/Library/Frameworks/Security.framework/Versions/A/Security
0x000000000f943000 	/System/Library/Frameworks/ApplicationServices.framework/Versions/A/ApplicationServices
0x000000000f943000 	/usr/lib/libz.1.dylib
0x000000000f943000 	/usr/lib/libSystem.B.dylib
0x000000000f943000 	/usr/lib/libobjc.A.dylib
0x000000000f943000 	/System/Library/Frameworks/CoreFoundation.framework/Versions/A/CoreFoundation
0x000000000f943000 	/System/Library/Frameworks/Foundation.framework/Versions/C/Foundation
0x000000000f943000 	/System/Library/Frameworks/AppKit.framework/Versions/C/AppKit
0x000000000f943000 	/System/Library/Frameworks/CoreData.framework/Versions/A/CoreData
0x000000000f943000 	/System/Library/PrivateFrameworks/RemoteViewServices.framework/Versions/A/RemoteViewServices
0x000000000f943000 	/System/Library/PrivateFrameworks/UIFoundation.framework/Versions/A/UIFoundation
0x000000000f943000 	/System/Library/PrivateFrameworks/DFRFoundation.framework/Versions/A/DFRFoundation
0x000000000f943000 	/System/Library/Frameworks/Metal.framework/Versions/A/Metal
0x000000000f943000 	/System/Library/PrivateFrameworks/DesktopServicesPriv.framework/Versions/A/DesktopServicesPriv
0x000000000f943000 	/usr/lib/libenergytrace.dylib
0x000000000f943000 	/System/Library/PrivateFrameworks/SkyLight.framework/Versions/A/SkyLight
0x000000000f943000 	/System/Library/Frameworks/CoreGraphics.framework/Versions/A/CoreGraphics
0x000000000f943000 	/usr/lib/libScreenReader.dylib
0x000000000f943000 	/System/Library/Frameworks/Accelerate.framework/Versions/A/Accelerate
0x000000000f943000 	/System/Library/Frameworks/IOSurface.framework/Versions/A/IOSurface
0x000000000f943000 	/System/Library/Frameworks/AudioToolbox.framework/Versions/A/AudioToolbox
0x000000000f943000 	/System/Library/Frameworks/AudioUnit.framework/Versions/A/AudioUnit
0x000000000f943000 	/System/Library/PrivateFrameworks/DataDetectorsCore.framework/Versions/A/DataDetectorsCore
0x000000000f943000 	/System/Library/Frameworks/Carbon.framework/Versions/A/Frameworks/HIToolbox.framework/Versions/A/HIToolbox
0x000000000f943000 	/usr/lib/libicucore.A.dylib
0x000000000f943000 	/System/Library/Frameworks/QuartzCore.framework/Versions/A/QuartzCore
0x000000000f943000 	/System/Library/PrivateFrameworks/SignpostNotification.framework/Versions/A/SignpostNotification
0x000000000f943000 	/System/Library/Frameworks/Carbon.framework/Versions/A/Frameworks/SpeechRecognition.framework/Versions/A/SpeechRecognition
0x000000000f943000 	/usr/lib/libauto.dylib
0x000000000f943000 	/usr/lib/libxml2.2.dylib
0x000000000f943000 	/System/Library/PrivateFrameworks/CoreUI.framework/Versions/A/CoreUI
0x000000000f943000 	/System/Library/Frameworks/CoreAudio.framework/Versions/A/CoreAudio
0x000000000f943000 	/System/Library/Frameworks/DiskArbitration.framework/Versions/A/DiskArbitration
0x000000000f943000 	/usr/lib/liblangid.dylib
0x000000000f943000 	/System/Library/PrivateFrameworks/MultitouchSupport.framework/Versions/A/MultitouchSupport
0x000000000f943000 	/System/Library/Frameworks/IOKit.framework/Versions/A/IOKit
0x000000000f943000 	/usr/lib/libDiagnosticMessagesClient.dylib
0x000000000f943000 	/System/Library/Frameworks/CoreServices.framework/Versions/A/CoreServices
0x000000000f943000 	/System/Library/PrivateFrameworks/PerformanceAnalysis.framework/Versions/A/PerformanceAnalysis
0x000000000f943000 	/System/Library/Frameworks/OpenGL.framework/Versions/A/OpenGL
0x000000000f943000 	/System/Library/Frameworks/ColorSync.framework/Versions/A/ColorSync
0x000000000f943000 	/System/Library/Frameworks/CoreImage.framework/Versions/A/CoreImage
0x000000000f943000 	/System/Library/Frameworks/CoreText.framework/Versions/A/CoreText
0x000000000f943000 	/System/Library/Frameworks/ImageIO.framework/Versions/A/ImageIO
0x000000000f943000 	/System/Library/PrivateFrameworks/Backup.framework/Versions/A/Backup
0x000000000f943000 	/usr/lib/libarchive.2.dylib
0x000000000f943000 	/System/Library/Frameworks/CFNetwork.framework/Versions/A/CFNetwork
0x000000000f943000 	/System/Library/Frameworks/SystemConfiguration.framework/Versions/A/SystemConfiguration
0x000000000f943000 	/usr/lib/libCRFSuite.dylib
0x000000000f943000 	/usr/lib/libc++.1.dylib
0x000000000f943000 	/usr/lib/libc++abi.dylib
0x000000000f943000 	/usr/lib/system/libcache.dylib
0x000000000f943000 	/usr/lib/system/libcommonCrypto.dylib
0x000000000f943000 	/usr/lib/system/libcompiler_rt.dylib
0x000000000f943000 	/usr/lib/system/libcopyfile.dylib
0x000000000f943000 	/usr/lib/system/libcorecrypto.dylib
0x000000000f943000 	/usr/lib/system/libdispatch.dylib
0x000000000f943000 	/usr/lib/system/libdyld.dylib
0x000000000f943000 	/usr/lib/system/libkeymgr.dylib
0x000000000f943000 	/usr/lib/system/liblaunch.dylib
0x000000000f943000 	/usr/lib/system/libmacho.dylib
0x000000000f943000 	/usr/lib/system/libquarantine.dylib
0x000000000f943000 	/usr/lib/system/libremovefile.dylib
0x000000000f943000 	/usr/lib/system/libsystem_asl.dylib
0x000000000f943000 	/usr/lib/system/libsystem_blocks.dylib
0x000000000f943000 	/usr/lib/system/libsystem_c.dylib
0x000000000f943000 	/usr/lib/system/libsystem_configuration.dylib
0x000000000f943000 	/usr/lib/system/libsystem_coreservices.dylib
0x000000000f943000 	/usr/lib/system/libsystem_darwin.dylib
0x000000000f943000 	/usr/lib/system/libsystem_dnssd.dylib
0x000000000f943000 	/usr/lib/system/libsystem_info.dylib
0x000000000f943000 	/usr/lib/system/libsystem_m.dylib
0x000000000f943000 	/usr/lib/system/libsystem_malloc.dylib
0x000000000f943000 	/usr/lib/system/libsystem_network.dylib
0x000000000f943000 	/usr/lib/system/libsystem_networkextension.dylib
0x000000000f943000 	/usr/lib/system/libsystem_notify.dylib
0x000000000f943000 	/usr/lib/system/libsystem_sandbox.dylib
0x000000000f943000 	/usr/lib/system/libsystem_secinit.dylib
0x000000000f943000 	/usr/lib/system/libsystem_kernel.dylib
0x000000000f943000 	/usr/lib/system/libsystem_platform.dylib
0x000000000f943000 	/usr/lib/system/libsystem_pthread.dylib
0x000000000f943000 	/usr/lib/system/libsystem_symptoms.dylib
0x000000000f943000 	/usr/lib/system/libsystem_trace.dylib
0x000000000f943000 	/usr/lib/system/libunwind.dylib
0x000000000f943000 	/usr/lib/system/libxpc.dylib
0x000000000f943000 	/usr/lib/closure/libclosured.dylib
0x000000000f943000 	/usr/lib/libbsm.0.dylib
0x000000000f943000 	/usr/lib/system/libkxld.dylib
0x000000000f943000 	/usr/lib/libOpenScriptingUtil.dylib
0x000000000f943000 	/usr/lib/libcoretls.dylib
0x000000000f943000 	/usr/lib/libcoretls_cfhelpers.dylib
0x000000000f943000 	/usr/lib/libpam.2.dylib
0x000000000f943000 	/usr/lib/libsqlite3.dylib
0x000000000f943000 	/usr/lib/libxar.1.dylib
0x000000000f943000 	/usr/lib/libbz2.1.0.dylib
0x000000000f943000 	/usr/lib/liblzma.5.dylib
0x000000000f943000 	/usr/lib/libnetwork.dylib
0x000000000f943000 	/usr/lib/libapple_nghttp2.dylib
0x000000000f943000 	/usr/lib/libpcap.A.dylib
0x000000000f943000 	/usr/lib/libboringssl.dylib
0x000000000f943000 	/usr/lib/libusrtcp.dylib
0x000000000f943000 	/usr/lib/libapple_crypto.dylib
0x000000000f943000 	/System/Library/Frameworks/CoreServices.framework/Versions/A/Frameworks/FSEvents.framework/Versions/A/FSEvents
0x000000000f943000 	/System/Library/Frameworks/CoreServices.framework/Versions/A/Frameworks/CarbonCore.framework/Versions/A/CarbonCore
0x000000000f943000 	/System/Library/Frameworks/CoreServices.framework/Versions/A/Frameworks/Metadata.framework/Versions/A/Metadata
0x000000000f943000 	/System/Library/Frameworks/CoreServices.framework/Versions/A/Frameworks/OSServices.framework/Versions/A/OSServices
0x000000000f943000 	/System/Library/Frameworks/CoreServices.framework/Versions/A/Frameworks/SearchKit.framework/Versions/A/SearchKit
0x000000000f943000 	/System/Library/Frameworks/CoreServices.framework/Versions/A/Frameworks/AE.framework/Versions/A/AE
0x000000000f943000 	/System/Library/Frameworks/CoreServices.framework/Versions/A/Frameworks/LaunchServices.framework/Versions/A/LaunchServices
0x000000000f943000 	/System/Library/Frameworks/CoreServices.framework/Versions/A/Frameworks/DictionaryServices.framework/Versions/A/DictionaryServices
0x000000000f943000 	/System/Library/Frameworks/CoreServices.framework/Versions/A/Frameworks/SharedFileList.framework/Versions/A/SharedFileList
0x000000000f943000 	/System/Library/Frameworks/NetFS.framework/Versions/A/NetFS
0x000000000f943000 	/System/Library/PrivateFrameworks/NetAuth.framework/Versions/A/NetAuth
0x000000000f943000 	/System/Library/PrivateFrameworks/login.framework/Versions/A/Frameworks/loginsupport.framework/Versions/A/loginsupport
0x000000000f943000 	/System/Library/PrivateFrameworks/TCC.framework/Versions/A/TCC
0x000000000f943000 	/usr/lib/libmecabra.dylib
0x000000000f943000 	/System/Library/Frameworks/ApplicationServices.framework/Versions/A/Frameworks/ATS.framework/Versions/A/ATS
0x000000000f943000 	/System/Library/Frameworks/ApplicationServices.framework/Versions/A/Frameworks/ColorSyncLegacy.framework/Versions/A/ColorSyncLegacy
0x000000000f943000 	/System/Library/Frameworks/ApplicationServices.framework/Versions/A/Frameworks/HIServices.framework/Versions/A/HIServices
0x000000000f943000 	/System/Library/Frameworks/ApplicationServices.framework/Versions/A/Frameworks/LangAnalysis.framework/Versions/A/LangAnalysis
0x000000000f943000 	/System/Library/Frameworks/ApplicationServices.framework/Versions/A/Frameworks/PrintCore.framework/Versions/A/PrintCore
0x000000000f943000 	/System/Library/Frameworks/ApplicationServices.framework/Versions/A/Frameworks/QD.framework/Versions/A/QD
0x000000000f943000 	/System/Library/Frameworks/ApplicationServices.framework/Versions/A/Frameworks/SpeechSynthesis.framework/Versions/A/SpeechSynthesis
0x000000000f943000 	/System/Library/Frameworks/CoreDisplay.framework/Versions/A/CoreDisplay
0x000000000f943000 	/System/Library/Frameworks/Accelerate.framework/Versions/A/Frameworks/vImage.framework/Versions/A/vImage
0x000000000f943000 	/System/Library/Frameworks/Accelerate.framework/Versions/A/Frameworks/vecLib.framework/Versions/A/vecLib
0x000000000f943000 	/System/Library/Frameworks/Accelerate.framework/Versions/A/Frameworks/vecLib.framework/Versions/A/libvDSP.dylib
0x000000000f943000 	/System/Library/Frameworks/Accelerate.framework/Versions/A/Frameworks/vecLib.framework/Versions/A/libBNNS.dylib
0x000000000f943000 	/System/Library/Frameworks/Accelerate.framework/Versions/A/Frameworks/vecLib.framework/Versions/A/libQuadrature.dylib
0x000000000f943000 	/System/Library/Frameworks/Accelerate.framework/Versions/A/Frameworks/vecLib.framework/Versions/A/libvMisc.dylib
0x000000000f943000 	/System/Library/Frameworks/Accelerate.framework/Versions/A/Frameworks/vecLib.framework/Versions/A/libLAPACK.dylib
0x000000000f943000 	/System/Library/Frameworks/Accelerate.framework/Versions/A/Frameworks/vecLib.framework/Versions/A/libBLAS.dylib
0x000000000f943000 	/System/Library/Frameworks/Accelerate.framework/Versions/A/Frameworks/vecLib.framework/Versions/A/libLinearAlgebra.dylib
0x000000000f943000 	/System/Library/Frameworks/Accelerate.framework/Versions/A/Frameworks/vecLib.framework/Versions/A/libSparse.dylib
0x000000000f943000 	/System/Library/Frameworks/Accelerate.framework/Versions/A/Frameworks/vecLib.framework/Versions/A/libSparseBLAS.dylib
0x000000000f943000 	/System/Library/PrivateFrameworks/GPUWrangler.framework/Versions/A/GPUWrangler
0x000000000f943000 	/System/Library/PrivateFrameworks/IOAccelerator.framework/Versions/A/IOAccelerator
0x000000000f943000 	/System/Library/PrivateFrameworks/IOPresentment.framework/Versions/A/IOPresentment
0x000000000f943000 	/System/Library/PrivateFrameworks/DSExternalDisplay.framework/Versions/A/DSExternalDisplay
0x000000000f943000 	/System/Library/Frameworks/OpenGL.framework/Versions/A/Libraries/libCoreFSCache.dylib
0x000000000f943000 	/System/Library/Frameworks/CoreVideo.framework/Versions/A/CoreVideo
0x000000000f943000 	/System/Library/PrivateFrameworks/GraphVisualizer.framework/Versions/A/GraphVisualizer
0x000000000f943000 	/System/Library/Frameworks/MetalPerformanceShaders.framework/Versions/A/MetalPerformanceShaders
0x000000000f943000 	/usr/lib/libFosl_dynamic.dylib
0x000000000f943000 	/System/Library/PrivateFrameworks/FaceCore.framework/Versions/A/FaceCore
0x000000000f943000 	/System/Library/Frameworks/OpenCL.framework/Versions/A/OpenCL
0x000000000f943000 	/usr/lib/libcompression.dylib
0x000000000f943000 	/System/Library/Frameworks/ApplicationServices.framework/Versions/A/Frameworks/ATS.framework/Versions/A/Resources/libFontParser.dylib
0x000000000f943000 	/System/Library/Frameworks/ApplicationServices.framework/Versions/A/Frameworks/ATS.framework/Versions/A/Resources/libFontRegistry.dylib
0x000000000f943000 	/System/Library/Frameworks/ImageIO.framework/Versions/A/Resources/libJPEG.dylib
0x000000000f943000 	/System/Library/Frameworks/ImageIO.framework/Versions/A/Resources/libTIFF.dylib
0x000000000f943000 	/System/Library/Frameworks/ImageIO.framework/Versions/A/Resources/libPng.dylib
0x000000000f943000 	/System/Library/Frameworks/ImageIO.framework/Versions/A/Resources/libGIF.dylib
0x000000000f943000 	/System/Library/Frameworks/ImageIO.framework/Versions/A/Resources/libJP2.dylib
0x000000000f943000 	/System/Library/Frameworks/ImageIO.framework/Versions/A/Resources/libRadiance.dylib
0x000000000f943000 	/System/Library/PrivateFrameworks/AppleJPEG.framework/Versions/A/AppleJPEG
0x000000000f943000 	/System/Library/Frameworks/MetalPerformanceShaders.framework/Frameworks/MPSCore.framework/Versions/A/MPSCore
0x000000000f943000 	/System/Library/Frameworks/MetalPerformanceShaders.framework/Frameworks/MPSImage.framework/Versions/A/MPSImage
0x000000000f943000 	/System/Library/Frameworks/MetalPerformanceShaders.framework/Frameworks/MPSNeuralNetwork.framework/Versions/A/MPSNeuralNetwork
0x000000000f943000 	/System/Library/Frameworks/MetalPerformanceShaders.framework/Frameworks/MPSMatrix.framework/Versions/A/MPSMatrix
0x000000000f943000 	/System/Library/PrivateFrameworks/MetalTools.framework/Versions/A/MetalTools
0x000000000f943000 	/System/Library/Frameworks/OpenGL.framework/Versions/A/Libraries/libGLU.dylib
0x000000000f943000 	/System/Library/Frameworks/OpenGL.framework/Versions/A/Libraries/libGFXShared.dylib
0x000000000f943000 	/System/Library/Frameworks/OpenGL.framework/Versions/A/Libraries/libGL.dylib
0x000000000f943000 	/System/Library/Frameworks/OpenGL.framework/Versions/A/Libraries/libGLImage.dylib
0x000000000f943000 	/System/Library/Frameworks/OpenGL.framework/Versions/A/Libraries/libCVMSPluginSupport.dylib
0x000000000f943000 	/System/Library/Frameworks/OpenGL.framework/Versions/A/Libraries/libCoreVMClient.dylib
0x000000000f943000 	/usr/lib/libcups.2.dylib
0x000000000f943000 	/System/Library/Frameworks/Kerberos.framework/Versions/A/Kerberos
0x000000000f943000 	/System/Library/Frameworks/GSS.framework/Versions/A/GSS
0x000000000f943000 	/usr/lib/libresolv.9.dylib
0x000000000f943000 	/usr/lib/libiconv.2.dylib
0x000000000f943000 	/System/Library/PrivateFrameworks/Heimdal.framework/Versions/A/Heimdal
0x000000000f943000 	/usr/lib/libheimdal-asn1.dylib
0x000000000f943000 	/System/Library/Frameworks/OpenDirectory.framework/Versions/A/OpenDirectory
0x000000000f943000 	/System/Library/PrivateFrameworks/CommonAuth.framework/Versions/A/CommonAuth
0x000000000f943000 	/System/Library/Frameworks/OpenDirectory.framework/Versions/A/Frameworks/CFOpenDirectory.framework/Versions/A/CFOpenDirectory
0x000000000f943000 	/System/Library/Frameworks/SecurityFoundation.framework/Versions/A/SecurityFoundation
0x000000000f943000 	/System/Library/PrivateFrameworks/APFS.framework/Versions/A/APFS
0x000000000f943000 	/usr/lib/libutil.dylib
0x000000000f943000 	/System/Library/PrivateFrameworks/AppleSauce.framework/Versions/A/AppleSauce
0x000000000f943000 	/System/Library/PrivateFrameworks/LinguisticData.framework/Versions/A/LinguisticData
0x000000000f943000 	/usr/lib/libmarisa.dylib
0x000000000f943000 	/System/Library/PrivateFrameworks/Lexicon.framework/Versions/A/Lexicon
0x000000000f943000 	/usr/lib/libChineseTokenizer.dylib
0x000000000f943000 	/usr/lib/libcmph.dylib
0x000000000f943000 	/System/Library/PrivateFrameworks/LanguageModeling.framework/Versions/A/LanguageModeling
0x000000000f943000 	/System/Library/PrivateFrameworks/CoreEmoji.framework/Versions/A/CoreEmoji
0x000000000f943000 	/System/Library/Frameworks/ServiceManagement.framework/Versions/A/ServiceManagement
0x000000000f943000 	/System/Library/PrivateFrameworks/BackgroundTaskManagement.framework/Versions/A/BackgroundTaskManagement
0x000000000f943000 	/usr/lib/libxslt.1.dylib
0x000000000f943000 	/System/Library/Frameworks/Carbon.framework/Versions/A/Frameworks/Ink.framework/Versions/A/Ink
0x000000000f943000 	/System/Library/PrivateFrameworks/TextureIO.framework/Versions/A/TextureIO
0x000000000f943000 	/usr/lib/libate.dylib
0x000000000f943000 	/System/Library/PrivateFrameworks/CrashReporterSupport.framework/Versions/A/CrashReporterSupport
0x000000000f943000 	/System/Library/PrivateFrameworks/Sharing.framework/Versions/A/Sharing
0x000000000f943000 	/System/Library/PrivateFrameworks/IconServices.framework/Versions/A/IconServices
0x000000000f943000 	/System/Library/PrivateFrameworks/Apple80211.framework/Versions/A/Apple80211
0x000000000f943000 	/System/Library/PrivateFrameworks/CoreUtils.framework/Versions/A/CoreUtils
0x000000000f943000 	/System/Library/Frameworks/CoreWLAN.framework/Versions/A/CoreWLAN
0x000000000f943000 	/System/Library/Frameworks/IOBluetooth.framework/Versions/A/IOBluetooth
0x000000000f943000 	/System/Library/PrivateFrameworks/ProtocolBuffer.framework/Versions/A/ProtocolBuffer
0x000000000f943000 	/System/Library/PrivateFrameworks/CoreWiFi.framework/Versions/A/CoreWiFi
0x000000000f943000 	/System/Library/Frameworks/CoreBluetooth.framework/Versions/A/CoreBluetooth
0x000000000f943000 	/System/Library/PrivateFrameworks/DebugSymbols.framework/Versions/A/DebugSymbols
0x000000000f943000 	/System/Library/PrivateFrameworks/CoreSymbolication.framework/Versions/A/CoreSymbolication
0x000000000f943000 	/System/Library/PrivateFrameworks/Symbolication.framework/Versions/A/Symbolication
0x000000000f943000 	/System/Library/PrivateFrameworks/AppleFSCompression.framework/Versions/A/AppleFSCompression
0x000000000f943000 	/System/Library/PrivateFrameworks/SpeechRecognitionCore.framework/Versions/A/SpeechRecognitionCore
0x0000000110600000 	/Library/Java/JavaVirtualMachines/jdk1.8.0_171.jdk/Contents/Home/jre/lib/server/libjvm.dylib
0x000000000f943000 	/usr/lib/libstdc++.6.0.9.dylib
0x000000010eb51000 	/Library/Java/JavaVirtualMachines/jdk1.8.0_171.jdk/Contents/Home/jre/lib/libverify.dylib
0x000000010eb5f000 	/Library/Java/JavaVirtualMachines/jdk1.8.0_171.jdk/Contents/Home/jre/lib/libjava.dylib
0x000000010ebdf000 	/Library/Java/JavaVirtualMachines/jdk1.8.0_171.jdk/Contents/Home/jre/lib/libzip.dylib
0x000000012d6ad000 	/Library/Java/JavaVirtualMachines/jdk1.8.0_171.jdk/Contents/Home/jre/lib/libawt.dylib
0x000000012d757000 	/Library/Java/JavaVirtualMachines/jdk1.8.0_171.jdk/Contents/Home/jre/lib/./libmlib_image.dylib
0x000000000f943000 	/System/Library/Frameworks/JavaVM.framework/Versions/A/Frameworks/JavaNativeFoundation.framework/Versions/A/JavaNativeFoundation
0x000000000f943000 	/System/Library/Frameworks/JavaVM.framework/Versions/A/Frameworks/JavaRuntimeSupport.framework/Versions/A/JavaRuntimeSupport
0x000000000f943000 	/System/Library/Frameworks/JavaVM.framework/Versions/A/JavaVM
0x000000000f943000 	/System/Library/PrivateFrameworks/JavaLaunching.framework/Versions/A/JavaLaunching
0x000000000f943000 	/System/Library/Frameworks/Carbon.framework/Versions/A/Carbon
0x000000000f943000 	/System/Library/Frameworks/Carbon.framework/Versions/A/Frameworks/CommonPanels.framework/Versions/A/CommonPanels
0x000000000f943000 	/System/Library/Frameworks/Carbon.framework/Versions/A/Frameworks/Help.framework/Versions/A/Help
0x000000000f943000 	/System/Library/Frameworks/Carbon.framework/Versions/A/Frameworks/ImageCapture.framework/Versions/A/ImageCapture
0x000000000f943000 	/System/Library/Frameworks/Carbon.framework/Versions/A/Frameworks/OpenScripting.framework/Versions/A/OpenScripting
0x000000000f943000 	/System/Library/Frameworks/Carbon.framework/Versions/A/Frameworks/Print.framework/Versions/A/Print
0x000000000f943000 	/System/Library/Frameworks/Carbon.framework/Versions/A/Frameworks/SecurityHI.framework/Versions/A/SecurityHI
0x000000012d823000 	/Library/Java/JavaVirtualMachines/jdk1.8.0_171.jdk/Contents/Home/jre/lib/libawt_lwawt.dylib
0x000000012d8dd000 	/Library/Java/JavaVirtualMachines/jdk1.8.0_171.jdk/Contents/Home/jre/lib/./libosxapp.dylib
0x000000000f943000 	/System/Library/Frameworks/ExceptionHandling.framework/Versions/A/ExceptionHandling
0x000000000f943000 	/System/Library/PrivateFrameworks/CoreServicesInternal.framework/Versions/A/CoreServicesInternal
0x000000000f943000 	/System/Library/CoreServices/RawCamera.bundle/Contents/MacOS/RawCamera
0x000000000f943000 	/System/Library/PrivateFrameworks/MobileAsset.framework/Versions/A/MobileAsset
0x000000000f943000 	/System/Library/PrivateFrameworks/StreamingZip.framework/Versions/A/StreamingZip
0x000000000f943000 	/System/Library/Frameworks/MediaToolbox.framework/Versions/A/MediaToolbox
0x000000000f943000 	/System/Library/PrivateFrameworks/CoreAVCHD.framework/Versions/A/CoreAVCHD
0x000000000f943000 	/System/Library/Frameworks/MediaAccessibility.framework/Versions/A/MediaAccessibility
0x000000000f943000 	/System/Library/PrivateFrameworks/Mangrove.framework/Versions/A/Mangrove
0x000000000f943000 	/System/Library/Frameworks/CoreMedia.framework/Versions/A/CoreMedia
0x000000000f943000 	/System/Library/Frameworks/VideoToolbox.framework/Versions/A/VideoToolbox
0x000000000f943000 	/System/Library/PrivateFrameworks/CoreAUC.framework/Versions/A/CoreAUC
0x000000000f943000 	/usr/lib/libspindump.dylib
0x000000000f943000 	/System/Library/PrivateFrameworks/AppleVA.framework/Versions/A/AppleVA
0x000000000f943000 	/System/Library/Frameworks/Accelerate.framework/Versions/A/Frameworks/vImage.framework/Versions/A/Libraries/libCGInterfaces.dylib
0x000000000f943000 	/System/Library/Frameworks/ApplicationServices.framework/Versions/A/Frameworks/ATS.framework/Versions/A/Resources/libTrueTypeScaler.dylib
0x000000000f943000 	/System/Library/Extensions/AppleIntelHD4000GraphicsMTLDriver.bundle/Contents/MacOS/AppleIntelHD4000GraphicsMTLDriver
0x000000000f943000 	/System/Library/Extensions/GeForceMTLDriver.bundle/Contents/MacOS/GeForceMTLDriver
0x000000000f943000 	/System/Library/PrivateFrameworks/GPUCompiler.framework/Versions/3802/Libraries/libmetal_timestamp.dylib
0x000000000f943000 	/System/Library/PrivateFrameworks/FamilyControls.framework/Versions/A/FamilyControls
0x000000000f943000 	/System/Library/PrivateFrameworks/CommerceKit.framework/Versions/A/Frameworks/CommerceCore.framework/Versions/A/CommerceCore
0x000000000f943000 	/System/Library/PrivateFrameworks/SystemAdministration.framework/Versions/A/SystemAdministration
0x000000000f943000 	/System/Library/PrivateFrameworks/AppContainer.framework/Versions/A/AppContainer
0x000000000f943000 	/System/Library/PrivateFrameworks/SecCodeWrapper.framework/Versions/A/SecCodeWrapper
0x000000000f943000 	/System/Library/PrivateFrameworks/DiskManagement.framework/Versions/A/DiskManagement
0x000000000f943000 	/System/Library/Frameworks/DirectoryService.framework/Versions/A/DirectoryService
0x000000000f943000 	/System/Library/PrivateFrameworks/DiskImages.framework/Versions/A/DiskImages
0x000000000f943000 	/System/Library/PrivateFrameworks/LoginUIKit.framework/Versions/A/Frameworks/LoginUICore.framework/Versions/A/LoginUICore
0x000000000f943000 	/usr/lib/libCoreStorage.dylib
0x000000000f943000 	/usr/lib/libcsfde.dylib
0x000000000f943000 	/usr/lib/libodfde.dylib
0x000000000f943000 	/System/Library/PrivateFrameworks/MediaKit.framework/Versions/A/MediaKit
0x000000000f943000 	/System/Library/Frameworks/DiscRecording.framework/Versions/A/DiscRecording
0x000000000f943000 	/System/Library/PrivateFrameworks/EFILogin.framework/Versions/A/EFILogin
0x000000000f943000 	/System/Library/PrivateFrameworks/ProtectedCloudStorage.framework/Versions/A/ProtectedCloudStorage
0x000000000f943000 	/usr/lib/libcurl.4.dylib
0x000000000f943000 	/usr/lib/libcrypto.35.dylib
0x000000000f943000 	/usr/lib/libssl.35.dylib
0x000000000f943000 	/System/Library/Frameworks/LDAP.framework/Versions/A/LDAP
0x000000000f943000 	/System/Library/PrivateFrameworks/TrustEvaluationAgent.framework/Versions/A/TrustEvaluationAgent
0x000000000f943000 	/usr/lib/libsasl2.2.dylib
0x000000000f943000 	/System/Library/PrivateFrameworks/CoreDaemon.framework/Versions/B/CoreDaemon
0x000000000f943000 	/System/Library/PrivateFrameworks/AppleSRP.framework/Versions/A/AppleSRP
0x000000012faf5000 	/Library/Java/JavaVirtualMachines/jdk1.8.0_171.jdk/Contents/Home/jre/lib/libfontmanager.dylib
0x000000012f1e3000 	/Library/Java/JavaVirtualMachines/jdk1.8.0_171.jdk/Contents/Home/jre/lib/libosxui.dylib
0x000000000f943000 	/System/Library/Frameworks/OpenGL.framework/Versions/A/Resources/GLEngine.bundle/GLEngine
0x000000000f943000 	/System/Library/Frameworks/OpenGL.framework/Versions/A/Libraries/libGLProgrammability.dylib
0x0000000130704000 	/System/Library/Extensions/AppleIntelHD4000GraphicsGLDriver.bundle/Contents/MacOS/AppleIntelHD4000GraphicsGLDriver
0x000000000f943000 	/System/Library/PrivateFrameworks/GPUSupport.framework/Versions/A/Libraries/libGPUSupportMercury.dylib
0x000000000f943000 	/System/Library/Extensions/GeForceGLDriver.bundle/Contents/MacOS/GeForceGLDriver
0x000000000f943000 	/System/Library/Extensions/GeForceGLDriver.bundle/Contents/MacOS/libclh.dylib
0x000000000f943000 	/System/Library/Frameworks/OpenGL.framework/Versions/A/Resources/GLRendererFloat.bundle/GLRendererFloat
0x000000000f943000 	/System/Library/Frameworks/OpenCL.framework/Versions/A/Libraries/libcldcpuengine.dylib
0x000000000f943000 	/System/Library/PrivateFrameworks/ViewBridge.framework/Versions/A/ViewBridge
0x0000000137f6c000 	/Library/Java/JavaVirtualMachines/jdk1.8.0_171.jdk/Contents/Home/jre/lib/libnet.dylib
0x0000000137f83000 	/Library/Java/JavaVirtualMachines/jdk1.8.0_171.jdk/Contents/Home/jre/lib/libnio.dylib
0x0000000164a79000 	/Library/Java/JavaVirtualMachines/jdk1.8.0_171.jdk/Contents/Home/jre/lib/libdcpr.dylib

VM Arguments:
jvm_args: -Dfile.encoding=UTF-8 
java_command: View.JFPrincipal
java_class_path (initial): /Applications/NetBeans/NetBeans 8.2.app/Contents/Resources/NetBeans/java/modules/ext/beansbinding-1.2.1.jar:/Users/gabriel/Documents/unicamp/materias/computacao/mc302/javasoft/build/classes
Launcher Type: SUN_STANDARD

Environment Variables:
PATH=/usr/bin:/bin:/usr/sbin:/sbin
LD_LIBRARY_PATH=/Library/Java/JavaVirtualMachines/jdk1.8.0_171.jdk/Contents/Home/jre/lib/amd64:/Library/Java/JavaVirtualMachines/jdk1.8.0_171.jdk/Contents/Home/jre/lib/i386:
SHELL=/bin/bash

Signal Handlers:
SIGSEGV: [libjvm.dylib+0x5b512d], sa_mask[0]=11111111011111110111111111111111, sa_flags=SA_ONSTACK|SA_RESTART|SA_SIGINFO
SIGBUS: [libjvm.dylib+0x5b512d], sa_mask[0]=11111111011111110111111111111111, sa_flags=SA_RESTART|SA_SIGINFO
SIGFPE: [libjvm.dylib+0x48aa90], sa_mask[0]=11111111011111110111111111111111, sa_flags=SA_RESTART|SA_SIGINFO
SIGPIPE: [libjvm.dylib+0x48aa90], sa_mask[0]=11111111011111110111111111111111, sa_flags=SA_RESTART|SA_SIGINFO
SIGXFSZ: [libjvm.dylib+0x48aa90], sa_mask[0]=11111111011111110111111111111111, sa_flags=SA_RESTART|SA_SIGINFO
SIGILL: [libjvm.dylib+0x48aa90], sa_mask[0]=11111111011111110111111111111111, sa_flags=SA_RESTART|SA_SIGINFO
SIGUSR1: SIG_DFL, sa_mask[0]=00000000000000000000000000000000, sa_flags=none
SIGUSR2: [libjvm.dylib+0x48a5ae], sa_mask[0]=00100000000000000000000000000000, sa_flags=SA_RESTART|SA_SIGINFO
SIGHUP: [libjvm.dylib+0x488b79], sa_mask[0]=11111111011111110111111111111111, sa_flags=SA_RESTART|SA_SIGINFO
SIGINT: SIG_IGN, sa_mask[0]=00000000000000000000000000000000, sa_flags=none
SIGTERM: [libjvm.dylib+0x488b79], sa_mask[0]=11111111011111110111111111111111, sa_flags=SA_RESTART|SA_SIGINFO
SIGQUIT: [libjvm.dylib+0x488b79], sa_mask[0]=11111111011111110111111111111111, sa_flags=SA_RESTART|SA_SIGINFO


---------------  S Y S T E M  ---------------

OS:Bsduname:Darwin 17.6.0 Darwin Kernel Version 17.6.0: Tue May  8 15:22:16 PDT 2018; root:xnu-4570.61.1~1/RELEASE_X86_64 x86_64
rlimit: STACK 8192k, CORE 0k, NPROC 1418, NOFILE 10240, AS infinity
load average:2.09 1.72 1.47

CPU:total 8 (initial active 8) (4 cores per cpu, 2 threads per core) family 6 model 58 stepping 9, cmov, cx8, fxsr, mmx, sse, sse2, sse3, ssse3, sse4.1, sse4.2, popcnt, avx, aes, clmul, erms, ht, tsc, tscinvbit, tscinv

Memory: 4k page, physical 16777216k(3922016k free)

/proc/meminfo:


vm_info: Java HotSpot(TM) 64-Bit Server VM (25.171-b11) for bsd-amd64 JRE (1.8.0_171-b11), built on Mar 28 2018 12:50:57 by "java_re" with gcc 4.2.1 (Based on Apple Inc. build 5658) (LLVM build 2336.11.00)

time: Tue Jun 26 14:25:16 2018
elapsed time: 13 seconds (0d 0h 0m 13s)

