#
# A fatal error has been detected by the Java Runtime Environment:
#
#  SIGSEGV (0xb) at pc=0x00007fff31e44872, pid=1548, tid=0x000000000000e103
#
# JRE version: Java(TM) SE Runtime Environment (8.0_171-b11) (build 1.8.0_171-b11)
# Java VM: Java HotSpot(TM) 64-Bit Server VM (25.171-b11 mixed mode bsd-amd64 compressed oops)
# Problematic frame:
# C  [GeForceGLDriver+0x19d872]
[error occurred during error reporting (printing problematic frame), id 0xe0000000]

# Failed to write core dump. Core dumps have been disabled. To enable core dumping, try "ulimit -c unlimited" before starting Java again
#
# If you would like to submit a bug report, please visit:
#   http://bugreport.java.com/bugreport/crash.jsp
#

---------------  T H R E A D  ---------------

Current thread is native thread

siginfo: si_signo: 11 (SIGSEGV), si_code: 1 (SEGV_MAPERR), si_addr: 0x0000000155cfe008

Registers:
RAX=0x00007ffbceb1f830, RBX=0x00007ffbceb1f7c0, RCX=0x00007ffbceb66608, RDX=0x0000000000000000
RSP=0x000070000f377800, RBP=0x000070000f377840, RSI=0x0000000155cfe008, RDI=0x00007ffbceb1f7c0
R8 =0x0000000155cfe008, R9 =0x0000000000000cb0, R10=0x0000000000000000, R11=0x000000000001119f
R12=0x00007ffbceb1f358, R13=0x000000000000ffff, R14=0x0000000155cfe008, R15=0x00007ffbceb1f848
RIP=0x00007fff31e44872, EFLAGS=0x0000000000010246, ERR=0x0000000000000004
  TRAPNO=0x000000000000000e

Top of Stack: (sp=0x000070000f377800)
0x000070000f377800:   000000012dcfe008 00007ffbceb1f848
0x000070000f377810:   000000012dcfe23b 00007ffbceb1f7c0
0x000070000f377820:   00007ffbceb1f358 000000000000ffff
0x000070000f377830:   0000000155cfe008 00007ffbceb1f7c0
0x000070000f377840:   000070000f377890 00007fff31e44a5e
0x000070000f377850:   000000000000694a 000000000001fabd
0x000070000f377860:   0000001a00100010 00007ffbceb1f7c0
0x000070000f377870:   00007ffbceb1f358 000000000000ffff
0x000070000f377880:   0000000000001a9e 00007ffbceb1f7c0
0x000070000f377890:   000070000f3778c0 00007fff31e445c5
0x000070000f3778a0:   00007ffbceb1f830 0000000000001a9e
0x000070000f3778b0:   00007ffbceb1f808 00007ffbceb1f7c0
0x000070000f3778c0:   000070000f377900 00007fff31e449f0
0x000070000f3778d0:   00000000ffffffff 00000000ffffffff
0x000070000f3778e0:   00000000000028a5 000070000f377a80
0x000070000f3778f0:   000070000f377a80 00007ffbceb1f7c0
0x000070000f377900:   000070000f377950 00007fff31e44a51
0x000070000f377910:   0000000000006cf4 000000000001118c
0x000070000f377920:   00000014000040c8 00007ffbceb1f7c0
0x000070000f377930:   00000000000028a5 000070000f377a80
0x000070000f377940:   00000000000028a3 00007fff90961c00
0x000070000f377950:   000070000f377980 00007fff31e445c5
0x000070000f377960:   000000000000001b 00000000000028a3
0x000070000f377970:   00007ffbceb1ec50 00007fff90961c00
0x000070000f377980:   000070000f377bb0 00007fff31cc774b
0x000070000f377990:   000000010400e200 0000000000000000
0x000070000f3779a0:   000070000f377c90 0000000000000000
0x000070000f3779b0:   ffffffff0f377a10 0000000000000000
0x000070000f3779c0:   000070000f3779f0 0000000104009080
0x000070000f3779d0:   000070000f377a60 00007fff5f7c975a
0x000070000f3779e0:   000070000f3779e0 000070000f377bb0
0x000070000f3779f0:   000070000f377990 0000000000000000 

Instructions: (pc=0x00007fff31e44872)
0x00007fff31e44852:   55 48 89 e5 41 57 41 56 41 55 41 54 53 48 83 ec
0x00007fff31e44862:   18 49 89 d7 49 89 f0 4d 85 ff 75 04 4c 8b 7f 18
0x00007fff31e44872:   45 8a 30 45 84 f6 74 2f 49 8d 48 01 31 c0 44 89
0x00007fff31e44882:   f2 69 f0 c3 34 00 00 0f be d2 69 d2 c5 00 00 00 

Register to memory mapping:

RAX=0x00007ffbceb1f830 is an unknown value
RBX=0x00007ffbceb1f7c0 is an unknown value
RCX=0x00007ffbceb66608 is an unknown value
RDX=0x0000000000000000 is an unknown value
RSP=0x000070000f377800 is an unknown value
RBP=0x000070000f377840 is an unknown value
RSI=0x0000000155cfe008 is an unknown value
RDI=0x00007ffbceb1f7c0 is an unknown value
R8 =0x0000000155cfe008 is an unknown value
R9 =0x0000000000000cb0 is an unknown value
R10=0x0000000000000000 is an unknown value
R11=0x000000000001119f is an unknown value
R12=0x00007ffbceb1f358 is an unknown value
R13=0x000000000000ffff is an unknown value
R14=0x0000000155cfe008 is an unknown value
R15=0x00007ffbceb1f848 is an unknown value


Stack: [0x000070000f2fd000,0x000070000f37d000],  sp=0x000070000f377800,  free space=490k
Native frames: (J=compiled Java code, j=interpreted, Vv=VM code, C=native code)
C  [GeForceGLDriver+0x19d872]
[error occurred during error reporting (printing native stack), id 0xe0000000]


---------------  P R O C E S S  ---------------

VM state:not at safepoint (normal execution)

VM Mutex/Monitor currently owned by a thread: None

Heap:
 PSYoungGen      total 76288K, used 14422K [0x000000076ab00000, 0x0000000770000000, 0x00000007c0000000)
  eden space 65536K, 22% used [0x000000076ab00000,0x000000076b9158f8,0x000000076eb00000)
  from space 10752K, 0% used [0x000000076f580000,0x000000076f580000,0x0000000770000000)
  to   space 10752K, 0% used [0x000000076eb00000,0x000000076eb00000,0x000000076f580000)
 ParOldGen       total 175104K, used 0K [0x00000006c0000000, 0x00000006cab00000, 0x000000076ab00000)
  object space 175104K, 0% used [0x00000006c0000000,0x00000006c0000000,0x00000006cab00000)
 Metaspace       used 11579K, capacity 11862K, committed 12160K, reserved 1060864K
  class space    used 1472K, capacity 1577K, committed 1664K, reserved 1048576K

Card table byte_map: [0x000000010656e000,0x0000000106d6f000] byte_map_base: 0x0000000102f6e000

Marking Bits: (ParMarkBitMap*) 0x0000000105af76e0
 Begin Bits: [0x0000000118b68000, 0x000000011cb68000)
 End Bits:   [0x000000011cb68000, 0x0000000120b68000)

Polling page: 0x0000000104071000

CodeCache: size=245760Kb used=2435Kb max_used=2435Kb free=243324Kb
 bounds [0x0000000109b68000, 0x0000000109dd8000, 0x0000000118b68000]
 total_blobs=1048 nmethods=525 adapters=437
 compilation: enabled

Compilation events (10 events):
Event: 0.974 Thread 0x00007ffbd0049800  508       3       java.util.ArrayList$Itr::checkForComodification (23 bytes)
Event: 0.974 Thread 0x00007ffbd0049800 nmethod 508 0x0000000109dc1350 code [0x0000000109dc14c0, 0x0000000109dc16e8]
Event: 0.974 Thread 0x00007ffbd0049800  509       3       java.util.ArrayList$Itr::next (66 bytes)
Event: 0.975 Thread 0x00007ffbd0049800 nmethod 509 0x0000000109dc17d0 code [0x0000000109dc1980, 0x0000000109dc1e28]
Event: 0.977 Thread 0x00007ffbd0049800  510       3       java.io.UnixFileSystem::prefixLength (25 bytes)
Event: 0.977 Thread 0x00007ffbd0049800 nmethod 510 0x0000000109dc2090 code [0x0000000109dc2220, 0x0000000109dc2728]
Event: 0.990 Thread 0x00007ffbd0049800  511  s    3       java.util.Vector::elementAt (48 bytes)
Event: 0.990 Thread 0x00007ffbd0049800 nmethod 511 0x0000000109dc3350 code [0x0000000109dc3560, 0x0000000109dc40e8]
Event: 0.992 Thread 0x00007ffbd0049800  513       3       java.lang.invoke.MethodType::toMethodDescriptorString (21 bytes)
Event: 0.993 Thread 0x00007ffbd0049800 nmethod 513 0x0000000109dc4810 code [0x0000000109dc4a20, 0x0000000109dc5538]

GC Heap History (0 events):
No events

Deoptimization events (0 events):
No events

Classes redefined (0 events):
No events

Internal exceptions (10 events):
Event: 0.723 Thread 0x00007ffbce809000 Exception <a 'java/lang/ClassNotFoundException': Tree> (0x000000076b085150) thrown at [/Users/java_re/workspace/8-2-build-macosx-x86_64/jdk8u171/10807/hotspot/src/share/vm/classfile/systemDictionary.cpp, line 210]
Event: 0.723 Thread 0x00007ffbce809000 Exception <a 'java/lang/ClassNotFoundException': javax/swing/JTreeCell> (0x000000076b0854d0) thrown at [/Users/java_re/workspace/8-2-build-macosx-x86_64/jdk8u171/10807/hotspot/src/share/vm/classfile/systemDictionary.cpp, line 210]
Event: 0.723 Thread 0x00007ffbce809000 Exception <a 'java/lang/ClassNotFoundException': TreeCell> (0x000000076b085958) thrown at [/Users/java_re/workspace/8-2-build-macosx-x86_64/jdk8u171/10807/hotspot/src/share/vm/classfile/systemDictionary.cpp, line 210]
Event: 0.724 Thread 0x00007ffbce809000 Exception <a 'java/lang/ClassNotFoundException': RootPane> (0x000000076b0863b8) thrown at [/Users/java_re/workspace/8-2-build-macosx-x86_64/jdk8u171/10807/hotspot/src/share/vm/classfile/systemDictionary.cpp, line 210]
Event: 0.769 Thread 0x00007ffbcd943800 Exception <a 'java/io/FileNotFoundException'> (0x000000076b333190) thrown at [/Users/java_re/workspace/8-2-build-macosx-x86_64/jdk8u171/10807/hotspot/src/share/vm/prims/jni.cpp, line 709]
Event: 0.805 Thread 0x00007ffbcd943800 Exception <a 'java/io/FileNotFoundException'> (0x000000076b337fa0) thrown at [/Users/java_re/workspace/8-2-build-macosx-x86_64/jdk8u171/10807/hotspot/src/share/vm/prims/jni.cpp, line 709]
Event: 0.816 Thread 0x00007ffbcd943800 Exception <a 'java/io/FileNotFoundException'> (0x000000076b33cb78) thrown at [/Users/java_re/workspace/8-2-build-macosx-x86_64/jdk8u171/10807/hotspot/src/share/vm/prims/jni.cpp, line 709]
Event: 0.826 Thread 0x00007ffbcd943800 Exception <a 'java/io/FileNotFoundException'> (0x000000076b341820) thrown at [/Users/java_re/workspace/8-2-build-macosx-x86_64/jdk8u171/10807/hotspot/src/share/vm/prims/jni.cpp, line 709]
Event: 0.831 Thread 0x00007ffbcd943800 Exception <a 'java/io/FileNotFoundException'> (0x000000076b3464e0) thrown at [/Users/java_re/workspace/8-2-build-macosx-x86_64/jdk8u171/10807/hotspot/src/share/vm/prims/jni.cpp, line 709]
Event: 0.838 Thread 0x00007ffbcd943800 Exception <a 'java/io/FileNotFoundException'> (0x000000076b34b128) thrown at [/Users/java_re/workspace/8-2-build-macosx-x86_64/jdk8u171/10807/hotspot/src/share/vm/prims/jni.cpp, line 709]

Events (10 events):
Event: 1.003 loading class sun/nio/ch/Util
Event: 1.003 loading class sun/nio/ch/Util done
Event: 1.003 loading class sun/nio/ch/Util$2
Event: 1.003 loading class sun/nio/ch/Util$2 done
Event: 1.003 loading class sun/nio/ch/Util$1
Event: 1.003 loading class sun/nio/ch/Util$1 done
Event: 1.003 loading class sun/nio/ch/Util$BufferCache
Event: 1.003 loading class sun/nio/ch/Util$BufferCache done
Event: 1.003 loading class java/nio/DirectByteBuffer$Deallocator
Event: 1.003 loading class java/nio/DirectByteBuffer$Deallocator done


Dynamic libraries:
0x000000000f943000 	/System/Library/Frameworks/Cocoa.framework/Versions/A/Cocoa
0x000000000f943000 	/System/Library/Frameworks/Security.framework/Versions/A/Security
0x000000000f943000 	/System/Library/Frameworks/ApplicationServices.framework/Versions/A/ApplicationServices
0x000000000f943000 	/usr/lib/libz.1.dylib
0x000000000f943000 	/usr/lib/libSystem.B.dylib
0x000000000f943000 	/usr/lib/libobjc.A.dylib
0x000000000f943000 	/System/Library/Frameworks/CoreFoundation.framework/Versions/A/CoreFoundation
0x000000000f943000 	/System/Library/Frameworks/Foundation.framework/Versions/C/Foundation
0x000000000f943000 	/System/Library/Frameworks/AppKit.framework/Versions/C/AppKit
0x000000000f943000 	/System/Library/Frameworks/CoreData.framework/Versions/A/CoreData
0x000000000f943000 	/System/Library/PrivateFrameworks/RemoteViewServices.framework/Versions/A/RemoteViewServices
0x000000000f943000 	/System/Library/PrivateFrameworks/UIFoundation.framework/Versions/A/UIFoundation
0x000000000f943000 	/System/Library/PrivateFrameworks/DFRFoundation.framework/Versions/A/DFRFoundation
0x000000000f943000 	/System/Library/Frameworks/Metal.framework/Versions/A/Metal
0x000000000f943000 	/System/Library/PrivateFrameworks/DesktopServicesPriv.framework/Versions/A/DesktopServicesPriv
0x000000000f943000 	/usr/lib/libenergytrace.dylib
0x000000000f943000 	/System/Library/PrivateFrameworks/SkyLight.framework/Versions/A/SkyLight
0x000000000f943000 	/System/Library/Frameworks/CoreGraphics.framework/Versions/A/CoreGraphics
0x000000000f943000 	/usr/lib/libScreenReader.dylib
0x000000000f943000 	/System/Library/Frameworks/Accelerate.framework/Versions/A/Accelerate
0x000000000f943000 	/System/Library/Frameworks/IOSurface.framework/Versions/A/IOSurface
0x000000000f943000 	/System/Library/Frameworks/AudioToolbox.framework/Versions/A/AudioToolbox
0x000000000f943000 	/System/Library/Frameworks/AudioUnit.framework/Versions/A/AudioUnit
0x000000000f943000 	/System/Library/PrivateFrameworks/DataDetectorsCore.framework/Versions/A/DataDetectorsCore
0x000000000f943000 	/System/Library/Frameworks/Carbon.framework/Versions/A/Frameworks/HIToolbox.framework/Versions/A/HIToolbox
0x000000000f943000 	/usr/lib/libicucore.A.dylib
0x000000000f943000 	/System/Library/Frameworks/QuartzCore.framework/Versions/A/QuartzCore
0x000000000f943000 	/System/Library/PrivateFrameworks/SignpostNotification.framework/Versions/A/SignpostNotification
0x000000000f943000 	/System/Library/Frameworks/Carbon.framework/Versions/A/Frameworks/SpeechRecognition.framework/Versions/A/SpeechRecognition
0x000000000f943000 	/usr/lib/libauto.dylib
0x000000000f943000 	/usr/lib/libxml2.2.dylib
0x000000000f943000 	/System/Library/PrivateFrameworks/CoreUI.framework/Versions/A/CoreUI
0x000000000f943000 	/System/Library/Frameworks/CoreAudio.framework/Versions/A/CoreAudio
0x000000000f943000 	/System/Library/Frameworks/DiskArbitration.framework/Versions/A/DiskArbitration
0x000000000f943000 	/usr/lib/liblangid.dylib
0x000000000f943000 	/System/Library/PrivateFrameworks/MultitouchSupport.framework/Versions/A/MultitouchSupport
0x000000000f943000 	/System/Library/Frameworks/IOKit.framework/Versions/A/IOKit
0x000000000f943000 	/usr/lib/libDiagnosticMessagesClient.dylib
0x000000000f943000 	/System/Library/Frameworks/CoreServices.framework/Versions/A/CoreServices
0x000000000f943000 	/System/Library/PrivateFrameworks/PerformanceAnalysis.framework/Versions/A/PerformanceAnalysis
0x000000000f943000 	/System/Library/Frameworks/OpenGL.framework/Versions/A/OpenGL
0x000000000f943000 	/System/Library/Frameworks/ColorSync.framework/Versions/A/ColorSync
0x000000000f943000 	/System/Library/Frameworks/CoreImage.framework/Versions/A/CoreImage
0x000000000f943000 	/System/Library/Frameworks/CoreText.framework/Versions/A/CoreText
0x000000000f943000 	/System/Library/Frameworks/ImageIO.framework/Versions/A/ImageIO
0x000000000f943000 	/System/Library/PrivateFrameworks/Backup.framework/Versions/A/Backup
0x000000000f943000 	/usr/lib/libarchive.2.dylib
0x000000000f943000 	/System/Library/Frameworks/CFNetwork.framework/Versions/A/CFNetwork
0x000000000f943000 	/System/Library/Frameworks/SystemConfiguration.framework/Versions/A/SystemConfiguration
0x000000000f943000 	/usr/lib/libCRFSuite.dylib
0x000000000f943000 	/usr/lib/libc++.1.dylib
0x000000000f943000 	/usr/lib/libc++abi.dylib
0x000000000f943000 	/usr/lib/system/libcache.dylib
0x000000000f943000 	/usr/lib/system/libcommonCrypto.dylib
0x000000000f943000 	/usr/lib/system/libcompiler_rt.dylib
0x000000000f943000 	/usr/lib/system/libcopyfile.dylib
0x000000000f943000 	/usr/lib/system/libcorecrypto.dylib
0x000000000f943000 	/usr/lib/system/libdispatch.dylib
0x000000000f943000 	/usr/lib/system/libdyld.dylib
0x000000000f943000 	/usr/lib/system/libkeymgr.dylib
0x000000000f943000 	/usr/lib/system/liblaunch.dylib
0x000000000f943000 	/usr/lib/system/libmacho.dylib
0x000000000f943000 	/usr/lib/system/libquarantine.dylib
0x000000000f943000 	/usr/lib/system/libremovefile.dylib
0x000000000f943000 	/usr/lib/system/libsystem_asl.dylib
0x000000000f943000 	/usr/lib/system/libsystem_blocks.dylib
0x000000000f943000 	/usr/lib/system/libsystem_c.dylib
0x000000000f943000 	/usr/lib/system/libsystem_configuration.dylib
0x000000000f943000 	/usr/lib/system/libsystem_coreservices.dylib
0x000000000f943000 	/usr/lib/system/libsystem_darwin.dylib
0x000000000f943000 	/usr/lib/system/libsystem_dnssd.dylib
0x000000000f943000 	/usr/lib/system/libsystem_info.dylib
0x000000000f943000 	/usr/lib/system/libsystem_m.dylib
0x000000000f943000 	/usr/lib/system/libsystem_malloc.dylib
0x000000000f943000 	/usr/lib/system/libsystem_network.dylib
0x000000000f943000 	/usr/lib/system/libsystem_networkextension.dylib
0x000000000f943000 	/usr/lib/system/libsystem_notify.dylib
0x000000000f943000 	/usr/lib/system/libsystem_sandbox.dylib
0x000000000f943000 	/usr/lib/system/libsystem_secinit.dylib
0x000000000f943000 	/usr/lib/system/libsystem_kernel.dylib
0x000000000f943000 	/usr/lib/system/libsystem_platform.dylib
0x000000000f943000 	/usr/lib/system/libsystem_pthread.dylib
0x000000000f943000 	/usr/lib/system/libsystem_symptoms.dylib
0x000000000f943000 	/usr/lib/system/libsystem_trace.dylib
0x000000000f943000 	/usr/lib/system/libunwind.dylib
0x000000000f943000 	/usr/lib/system/libxpc.dylib
0x000000000f943000 	/usr/lib/closure/libclosured.dylib
0x000000000f943000 	/usr/lib/libbsm.0.dylib
0x000000000f943000 	/usr/lib/system/libkxld.dylib
0x000000000f943000 	/usr/lib/libOpenScriptingUtil.dylib
0x000000000f943000 	/usr/lib/libcoretls.dylib
0x000000000f943000 	/usr/lib/libcoretls_cfhelpers.dylib
0x000000000f943000 	/usr/lib/libpam.2.dylib
0x000000000f943000 	/usr/lib/libsqlite3.dylib
0x000000000f943000 	/usr/lib/libxar.1.dylib
0x000000000f943000 	/usr/lib/libbz2.1.0.dylib
0x000000000f943000 	/usr/lib/liblzma.5.dylib
0x000000000f943000 	/usr/lib/libnetwork.dylib
0x000000000f943000 	/usr/lib/libapple_nghttp2.dylib
0x000000000f943000 	/usr/lib/libpcap.A.dylib
0x000000000f943000 	/usr/lib/libboringssl.dylib
0x000000000f943000 	/usr/lib/libusrtcp.dylib
0x000000000f943000 	/usr/lib/libapple_crypto.dylib
0x000000000f943000 	/System/Library/Frameworks/CoreServices.framework/Versions/A/Frameworks/FSEvents.framework/Versions/A/FSEvents
0x000000000f943000 	/System/Library/Frameworks/CoreServices.framework/Versions/A/Frameworks/CarbonCore.framework/Versions/A/CarbonCore
0x000000000f943000 	/System/Library/Frameworks/CoreServices.framework/Versions/A/Frameworks/Metadata.framework/Versions/A/Metadata
0x000000000f943000 	/System/Library/Frameworks/CoreServices.framework/Versions/A/Frameworks/OSServices.framework/Versions/A/OSServices
0x000000000f943000 	/System/Library/Frameworks/CoreServices.framework/Versions/A/Frameworks/SearchKit.framework/Versions/A/SearchKit
0x000000000f943000 	/System/Library/Frameworks/CoreServices.framework/Versions/A/Frameworks/AE.framework/Versions/A/AE
0x000000000f943000 	/System/Library/Frameworks/CoreServices.framework/Versions/A/Frameworks/LaunchServices.framework/Versions/A/LaunchServices
0x000000000f943000 	/System/Library/Frameworks/CoreServices.framework/Versions/A/Frameworks/DictionaryServices.framework/Versions/A/DictionaryServices
0x000000000f943000 	/System/Library/Frameworks/CoreServices.framework/Versions/A/Frameworks/SharedFileList.framework/Versions/A/SharedFileList
0x000000000f943000 	/System/Library/Frameworks/NetFS.framework/Versions/A/NetFS
0x000000000f943000 	/System/Library/PrivateFrameworks/NetAuth.framework/Versions/A/NetAuth
0x000000000f943000 	/System/Library/PrivateFrameworks/login.framework/Versions/A/Frameworks/loginsupport.framework/Versions/A/loginsupport
0x000000000f943000 	/System/Library/PrivateFrameworks/TCC.framework/Versions/A/TCC
0x000000000f943000 	/usr/lib/libmecabra.dylib
0x000000000f943000 	/System/Library/Frameworks/ApplicationServices.framework/Versions/A/Frameworks/ATS.framework/Versions/A/ATS
0x000000000f943000 	/System/Library/Frameworks/ApplicationServices.framework/Versions/A/Frameworks/ColorSyncLegacy.framework/Versions/A/ColorSyncLegacy
0x000000000f943000 	/System/Library/Frameworks/ApplicationServices.framework/Versions/A/Frameworks/HIServices.framework/Versions/A/HIServices
0x000000000f943000 	/System/Library/Frameworks/ApplicationServices.framework/Versions/A/Frameworks/LangAnalysis.framework/Versions/A/LangAnalysis
0x000000000f943000 	/System/Library/Frameworks/ApplicationServices.framework/Versions/A/Frameworks/PrintCore.framework/Versions/A/PrintCore
0x000000000f943000 	/System/Library/Frameworks/ApplicationServices.framework/Versions/A/Frameworks/QD.framework/Versions/A/QD
0x000000000f943000 	/System/Library/Frameworks/ApplicationServices.framework/Versions/A/Frameworks/SpeechSynthesis.framework/Versions/A/SpeechSynthesis
0x000000000f943000 	/System/Library/Frameworks/CoreDisplay.framework/Versions/A/CoreDisplay
0x000000000f943000 	/System/Library/Frameworks/Accelerate.framework/Versions/A/Frameworks/vImage.framework/Versions/A/vImage
0x000000000f943000 	/System/Library/Frameworks/Accelerate.framework/Versions/A/Frameworks/vecLib.framework/Versions/A/vecLib
0x000000000f943000 	/System/Library/Frameworks/Accelerate.framework/Versions/A/Frameworks/vecLib.framework/Versions/A/libvDSP.dylib
0x000000000f943000 	/System/Library/Frameworks/Accelerate.framework/Versions/A/Frameworks/vecLib.framework/Versions/A/libBNNS.dylib
0x000000000f943000 	/System/Library/Frameworks/Accelerate.framework/Versions/A/Frameworks/vecLib.framework/Versions/A/libQuadrature.dylib
0x000000000f943000 	/System/Library/Frameworks/Accelerate.framework/Versions/A/Frameworks/vecLib.framework/Versions/A/libvMisc.dylib
0x000000000f943000 	/System/Library/Frameworks/Accelerate.framework/Versions/A/Frameworks/vecLib.framework/Versions/A/libLAPACK.dylib
0x000000000f943000 	/System/Library/Frameworks/Accelerate.framework/Versions/A/Frameworks/vecLib.framework/Versions/A/libBLAS.dylib
0x000000000f943000 	/System/Library/Frameworks/Accelerate.framework/Versions/A/Frameworks/vecLib.framework/Versions/A/libLinearAlgebra.dylib
0x000000000f943000 	/System/Library/Frameworks/Accelerate.framework/Versions/A/Frameworks/vecLib.framework/Versions/A/libSparse.dylib
0x000000000f943000 	/System/Library/Frameworks/Accelerate.framework/Versions/A/Frameworks/vecLib.framework/Versions/A/libSparseBLAS.dylib
0x000000000f943000 	/System/Library/PrivateFrameworks/GPUWrangler.framework/Versions/A/GPUWrangler
0x000000000f943000 	/System/Library/PrivateFrameworks/IOAccelerator.framework/Versions/A/IOAccelerator
0x000000000f943000 	/System/Library/PrivateFrameworks/IOPresentment.framework/Versions/A/IOPresentment
0x000000000f943000 	/System/Library/PrivateFrameworks/DSExternalDisplay.framework/Versions/A/DSExternalDisplay
0x000000000f943000 	/System/Library/Frameworks/OpenGL.framework/Versions/A/Libraries/libCoreFSCache.dylib
0x000000000f943000 	/System/Library/Frameworks/CoreVideo.framework/Versions/A/CoreVideo
0x000000000f943000 	/System/Library/PrivateFrameworks/GraphVisualizer.framework/Versions/A/GraphVisualizer
0x000000000f943000 	/System/Library/Frameworks/MetalPerformanceShaders.framework/Versions/A/MetalPerformanceShaders
0x000000000f943000 	/usr/lib/libFosl_dynamic.dylib
0x000000000f943000 	/System/Library/PrivateFrameworks/FaceCore.framework/Versions/A/FaceCore
0x000000000f943000 	/System/Library/Frameworks/OpenCL.framework/Versions/A/OpenCL
0x000000000f943000 	/usr/lib/libcompression.dylib
0x000000000f943000 	/System/Library/Frameworks/ApplicationServices.framework/Versions/A/Frameworks/ATS.framework/Versions/A/Resources/libFontParser.dylib
0x000000000f943000 	/System/Library/Frameworks/ApplicationServices.framework/Versions/A/Frameworks/ATS.framework/Versions/A/Resources/libFontRegistry.dylib
0x000000000f943000 	/System/Library/Frameworks/ImageIO.framework/Versions/A/Resources/libJPEG.dylib
0x000000000f943000 	/System/Library/Frameworks/ImageIO.framework/Versions/A/Resources/libTIFF.dylib
0x000000000f943000 	/System/Library/Frameworks/ImageIO.framework/Versions/A/Resources/libPng.dylib
0x000000000f943000 	/System/Library/Frameworks/ImageIO.framework/Versions/A/Resources/libGIF.dylib
0x000000000f943000 	/System/Library/Frameworks/ImageIO.framework/Versions/A/Resources/libJP2.dylib
0x000000000f943000 	/System/Library/Frameworks/ImageIO.framework/Versions/A/Resources/libRadiance.dylib
0x000000000f943000 	/System/Library/PrivateFrameworks/AppleJPEG.framework/Versions/A/AppleJPEG
0x000000000f943000 	/System/Library/Frameworks/MetalPerformanceShaders.framework/Frameworks/MPSCore.framework/Versions/A/MPSCore
0x000000000f943000 	/System/Library/Frameworks/MetalPerformanceShaders.framework/Frameworks/MPSImage.framework/Versions/A/MPSImage
0x000000000f943000 	/System/Library/Frameworks/MetalPerformanceShaders.framework/Frameworks/MPSNeuralNetwork.framework/Versions/A/MPSNeuralNetwork
0x000000000f943000 	/System/Library/Frameworks/MetalPerformanceShaders.framework/Frameworks/MPSMatrix.framework/Versions/A/MPSMatrix
0x000000000f943000 	/System/Library/PrivateFrameworks/MetalTools.framework/Versions/A/MetalTools
0x000000000f943000 	/System/Library/Frameworks/OpenGL.framework/Versions/A/Libraries/libGLU.dylib
0x000000000f943000 	/System/Library/Frameworks/OpenGL.framework/Versions/A/Libraries/libGFXShared.dylib
0x000000000f943000 	/System/Library/Frameworks/OpenGL.framework/Versions/A/Libraries/libGL.dylib
0x000000000f943000 	/System/Library/Frameworks/OpenGL.framework/Versions/A/Libraries/libGLImage.dylib
0x000000000f943000 	/System/Library/Frameworks/OpenGL.framework/Versions/A/Libraries/libCVMSPluginSupport.dylib
0x000000000f943000 	/System/Library/Frameworks/OpenGL.framework/Versions/A/Libraries/libCoreVMClient.dylib
0x000000000f943000 	/usr/lib/libcups.2.dylib
0x000000000f943000 	/System/Library/Frameworks/Kerberos.framework/Versions/A/Kerberos
0x000000000f943000 	/System/Library/Frameworks/GSS.framework/Versions/A/GSS
0x000000000f943000 	/usr/lib/libresolv.9.dylib
0x000000000f943000 	/usr/lib/libiconv.2.dylib
0x000000000f943000 	/System/Library/PrivateFrameworks/Heimdal.framework/Versions/A/Heimdal
0x000000000f943000 	/usr/lib/libheimdal-asn1.dylib
0x000000000f943000 	/System/Library/Frameworks/OpenDirectory.framework/Versions/A/OpenDirectory
0x000000000f943000 	/System/Library/PrivateFrameworks/CommonAuth.framework/Versions/A/CommonAuth
0x000000000f943000 	/System/Library/Frameworks/OpenDirectory.framework/Versions/A/Frameworks/CFOpenDirectory.framework/Versions/A/CFOpenDirectory
0x000000000f943000 	/System/Library/Frameworks/SecurityFoundation.framework/Versions/A/SecurityFoundation
0x000000000f943000 	/System/Library/PrivateFrameworks/APFS.framework/Versions/A/APFS
0x000000000f943000 	/usr/lib/libutil.dylib
0x000000000f943000 	/System/Library/PrivateFrameworks/AppleSauce.framework/Versions/A/AppleSauce
0x000000000f943000 	/System/Library/PrivateFrameworks/LinguisticData.framework/Versions/A/LinguisticData
0x000000000f943000 	/usr/lib/libmarisa.dylib
0x000000000f943000 	/System/Library/PrivateFrameworks/Lexicon.framework/Versions/A/Lexicon
0x000000000f943000 	/usr/lib/libChineseTokenizer.dylib
0x000000000f943000 	/usr/lib/libcmph.dylib
0x000000000f943000 	/System/Library/PrivateFrameworks/LanguageModeling.framework/Versions/A/LanguageModeling
0x000000000f943000 	/System/Library/PrivateFrameworks/CoreEmoji.framework/Versions/A/CoreEmoji
0x000000000f943000 	/System/Library/Frameworks/ServiceManagement.framework/Versions/A/ServiceManagement
0x000000000f943000 	/System/Library/PrivateFrameworks/BackgroundTaskManagement.framework/Versions/A/BackgroundTaskManagement
0x000000000f943000 	/usr/lib/libxslt.1.dylib
0x000000000f943000 	/System/Library/Frameworks/Carbon.framework/Versions/A/Frameworks/Ink.framework/Versions/A/Ink
0x000000000f943000 	/System/Library/PrivateFrameworks/TextureIO.framework/Versions/A/TextureIO
0x000000000f943000 	/usr/lib/libate.dylib
0x000000000f943000 	/System/Library/PrivateFrameworks/CrashReporterSupport.framework/Versions/A/CrashReporterSupport
0x000000000f943000 	/System/Library/PrivateFrameworks/Sharing.framework/Versions/A/Sharing
0x000000000f943000 	/System/Library/PrivateFrameworks/IconServices.framework/Versions/A/IconServices
0x000000000f943000 	/System/Library/PrivateFrameworks/Apple80211.framework/Versions/A/Apple80211
0x000000000f943000 	/System/Library/PrivateFrameworks/CoreUtils.framework/Versions/A/CoreUtils
0x000000000f943000 	/System/Library/Frameworks/CoreWLAN.framework/Versions/A/CoreWLAN
0x000000000f943000 	/System/Library/Frameworks/IOBluetooth.framework/Versions/A/IOBluetooth
0x000000000f943000 	/System/Library/PrivateFrameworks/ProtocolBuffer.framework/Versions/A/ProtocolBuffer
0x000000000f943000 	/System/Library/PrivateFrameworks/CoreWiFi.framework/Versions/A/CoreWiFi
0x000000000f943000 	/System/Library/Frameworks/CoreBluetooth.framework/Versions/A/CoreBluetooth
0x000000000f943000 	/System/Library/PrivateFrameworks/DebugSymbols.framework/Versions/A/DebugSymbols
0x000000000f943000 	/System/Library/PrivateFrameworks/CoreSymbolication.framework/Versions/A/CoreSymbolication
0x000000000f943000 	/System/Library/PrivateFrameworks/Symbolication.framework/Versions/A/Symbolication
0x000000000f943000 	/System/Library/PrivateFrameworks/AppleFSCompression.framework/Versions/A/AppleFSCompression
0x000000000f943000 	/System/Library/PrivateFrameworks/SpeechRecognitionCore.framework/Versions/A/SpeechRecognitionCore
0x0000000105200000 	/Library/Java/JavaVirtualMachines/jdk1.8.0_171.jdk/Contents/Home/jre/lib/server/libjvm.dylib
0x000000000f943000 	/usr/lib/libstdc++.6.0.9.dylib
0x000000010402d000 	/Library/Java/JavaVirtualMachines/jdk1.8.0_171.jdk/Contents/Home/jre/lib/libverify.dylib
0x000000010403b000 	/Library/Java/JavaVirtualMachines/jdk1.8.0_171.jdk/Contents/Home/jre/lib/libjava.dylib
0x00000001040bb000 	/Library/Java/JavaVirtualMachines/jdk1.8.0_171.jdk/Contents/Home/jre/lib/libzip.dylib
0x0000000122bf0000 	/Library/Java/JavaVirtualMachines/jdk1.8.0_171.jdk/Contents/Home/jre/lib/libawt.dylib
0x0000000122c9a000 	/Library/Java/JavaVirtualMachines/jdk1.8.0_171.jdk/Contents/Home/jre/lib/./libmlib_image.dylib
0x000000000f943000 	/System/Library/Frameworks/JavaVM.framework/Versions/A/Frameworks/JavaNativeFoundation.framework/Versions/A/JavaNativeFoundation
0x000000000f943000 	/System/Library/Frameworks/JavaVM.framework/Versions/A/Frameworks/JavaRuntimeSupport.framework/Versions/A/JavaRuntimeSupport
0x000000000f943000 	/System/Library/Frameworks/JavaVM.framework/Versions/A/JavaVM
0x000000000f943000 	/System/Library/PrivateFrameworks/JavaLaunching.framework/Versions/A/JavaLaunching
0x000000000f943000 	/System/Library/Frameworks/Carbon.framework/Versions/A/Carbon
0x000000000f943000 	/System/Library/Frameworks/Carbon.framework/Versions/A/Frameworks/CommonPanels.framework/Versions/A/CommonPanels
0x000000000f943000 	/System/Library/Frameworks/Carbon.framework/Versions/A/Frameworks/Help.framework/Versions/A/Help
0x000000000f943000 	/System/Library/Frameworks/Carbon.framework/Versions/A/Frameworks/ImageCapture.framework/Versions/A/ImageCapture
0x000000000f943000 	/System/Library/Frameworks/Carbon.framework/Versions/A/Frameworks/OpenScripting.framework/Versions/A/OpenScripting
0x000000000f943000 	/System/Library/Frameworks/Carbon.framework/Versions/A/Frameworks/Print.framework/Versions/A/Print
0x000000000f943000 	/System/Library/Frameworks/Carbon.framework/Versions/A/Frameworks/SecurityHI.framework/Versions/A/SecurityHI
0x0000000122d66000 	/Library/Java/JavaVirtualMachines/jdk1.8.0_171.jdk/Contents/Home/jre/lib/libawt_lwawt.dylib
0x0000000109a41000 	/Library/Java/JavaVirtualMachines/jdk1.8.0_171.jdk/Contents/Home/jre/lib/./libosxapp.dylib
0x000000000f943000 	/System/Library/Frameworks/ExceptionHandling.framework/Versions/A/ExceptionHandling
0x000000000f943000 	/System/Library/PrivateFrameworks/CoreServicesInternal.framework/Versions/A/CoreServicesInternal
0x000000000f943000 	/System/Library/CoreServices/RawCamera.bundle/Contents/MacOS/RawCamera
0x000000000f943000 	/System/Library/PrivateFrameworks/MobileAsset.framework/Versions/A/MobileAsset
0x000000000f943000 	/System/Library/PrivateFrameworks/StreamingZip.framework/Versions/A/StreamingZip
0x000000000f943000 	/System/Library/Frameworks/MediaToolbox.framework/Versions/A/MediaToolbox
0x000000000f943000 	/System/Library/PrivateFrameworks/CoreAVCHD.framework/Versions/A/CoreAVCHD
0x000000000f943000 	/System/Library/Frameworks/MediaAccessibility.framework/Versions/A/MediaAccessibility
0x000000000f943000 	/System/Library/PrivateFrameworks/Mangrove.framework/Versions/A/Mangrove
0x000000000f943000 	/System/Library/Frameworks/CoreMedia.framework/Versions/A/CoreMedia
0x000000000f943000 	/System/Library/Frameworks/VideoToolbox.framework/Versions/A/VideoToolbox
0x000000000f943000 	/System/Library/PrivateFrameworks/CoreAUC.framework/Versions/A/CoreAUC
0x000000000f943000 	/usr/lib/libspindump.dylib
0x000000000f943000 	/System/Library/PrivateFrameworks/AppleVA.framework/Versions/A/AppleVA
0x000000000f943000 	/System/Library/Frameworks/Accelerate.framework/Versions/A/Frameworks/vImage.framework/Versions/A/Libraries/libCGInterfaces.dylib
0x000000000f943000 	/System/Library/Frameworks/ApplicationServices.framework/Versions/A/Frameworks/ATS.framework/Versions/A/Resources/libTrueTypeScaler.dylib
0x000000000f943000 	/System/Library/Extensions/AppleIntelHD4000GraphicsMTLDriver.bundle/Contents/MacOS/AppleIntelHD4000GraphicsMTLDriver
0x000000000f943000 	/System/Library/Extensions/GeForceMTLDriver.bundle/Contents/MacOS/GeForceMTLDriver
0x000000000f943000 	/System/Library/PrivateFrameworks/GPUCompiler.framework/Versions/3802/Libraries/libmetal_timestamp.dylib
0x000000000f943000 	/System/Library/PrivateFrameworks/FamilyControls.framework/Versions/A/FamilyControls
0x000000000f943000 	/System/Library/PrivateFrameworks/CommerceKit.framework/Versions/A/Frameworks/CommerceCore.framework/Versions/A/CommerceCore
0x000000000f943000 	/System/Library/PrivateFrameworks/SystemAdministration.framework/Versions/A/SystemAdministration
0x000000000f943000 	/System/Library/PrivateFrameworks/AppContainer.framework/Versions/A/AppContainer
0x000000000f943000 	/System/Library/PrivateFrameworks/SecCodeWrapper.framework/Versions/A/SecCodeWrapper
0x000000000f943000 	/System/Library/PrivateFrameworks/DiskManagement.framework/Versions/A/DiskManagement
0x000000000f943000 	/System/Library/Frameworks/DirectoryService.framework/Versions/A/DirectoryService
0x000000000f943000 	/System/Library/PrivateFrameworks/DiskImages.framework/Versions/A/DiskImages
0x000000000f943000 	/System/Library/PrivateFrameworks/LoginUIKit.framework/Versions/A/Frameworks/LoginUICore.framework/Versions/A/LoginUICore
0x000000000f943000 	/usr/lib/libCoreStorage.dylib
0x000000000f943000 	/usr/lib/libcsfde.dylib
0x000000000f943000 	/usr/lib/libodfde.dylib
0x000000000f943000 	/System/Library/PrivateFrameworks/MediaKit.framework/Versions/A/MediaKit
0x000000000f943000 	/System/Library/Frameworks/DiscRecording.framework/Versions/A/DiscRecording
0x000000000f943000 	/System/Library/PrivateFrameworks/EFILogin.framework/Versions/A/EFILogin
0x000000000f943000 	/System/Library/PrivateFrameworks/ProtectedCloudStorage.framework/Versions/A/ProtectedCloudStorage
0x000000000f943000 	/usr/lib/libcurl.4.dylib
0x000000000f943000 	/usr/lib/libcrypto.35.dylib
0x000000000f943000 	/usr/lib/libssl.35.dylib
0x000000000f943000 	/System/Library/Frameworks/LDAP.framework/Versions/A/LDAP
0x000000000f943000 	/System/Library/PrivateFrameworks/TrustEvaluationAgent.framework/Versions/A/TrustEvaluationAgent
0x000000000f943000 	/usr/lib/libsasl2.2.dylib
0x000000000f943000 	/System/Library/PrivateFrameworks/CoreDaemon.framework/Versions/B/CoreDaemon
0x000000000f943000 	/System/Library/PrivateFrameworks/AppleSRP.framework/Versions/A/AppleSRP
0x0000000124fb0000 	/Library/Java/JavaVirtualMachines/jdk1.8.0_171.jdk/Contents/Home/jre/lib/libfontmanager.dylib
0x00000001246ac000 	/Library/Java/JavaVirtualMachines/jdk1.8.0_171.jdk/Contents/Home/jre/lib/libosxui.dylib
0x000000000f943000 	/System/Library/Frameworks/OpenGL.framework/Versions/A/Resources/GLEngine.bundle/GLEngine
0x000000000f943000 	/System/Library/Frameworks/OpenGL.framework/Versions/A/Libraries/libGLProgrammability.dylib
0x0000000125bbf000 	/System/Library/Extensions/AppleIntelHD4000GraphicsGLDriver.bundle/Contents/MacOS/AppleIntelHD4000GraphicsGLDriver
0x000000000f943000 	/System/Library/PrivateFrameworks/GPUSupport.framework/Versions/A/Libraries/libGPUSupportMercury.dylib
0x000000000f943000 	/System/Library/Extensions/GeForceGLDriver.bundle/Contents/MacOS/GeForceGLDriver
0x000000000f943000 	/System/Library/Extensions/GeForceGLDriver.bundle/Contents/MacOS/libclh.dylib
0x000000000f943000 	/System/Library/Frameworks/OpenGL.framework/Versions/A/Resources/GLRendererFloat.bundle/GLRendererFloat
0x000000000f943000 	/System/Library/Frameworks/OpenCL.framework/Versions/A/Libraries/libcldcpuengine.dylib
0x000000000f943000 	/System/Library/PrivateFrameworks/ViewBridge.framework/Versions/A/ViewBridge
0x00000001285c9000 	/Library/Java/JavaVirtualMachines/jdk1.8.0_171.jdk/Contents/Home/jre/lib/libnet.dylib
0x00000001285e0000 	/Library/Java/JavaVirtualMachines/jdk1.8.0_171.jdk/Contents/Home/jre/lib/libnio.dylib

VM Arguments:
jvm_args: -Dfile.encoding=UTF-8 
java_command: View.JFPrincipal
java_class_path (initial): /Applications/NetBeans/NetBeans 8.2.app/Contents/Resources/NetBeans/java/modules/ext/beansbinding-1.2.1.jar:/Users/gabriel/Documents/unicamp/materias/computacao/mc302/javasoft/build/classes
Launcher Type: SUN_STANDARD

Environment Variables:
PATH=/usr/bin:/bin:/usr/sbin:/sbin
LD_LIBRARY_PATH=/Library/Java/JavaVirtualMachines/jdk1.8.0_171.jdk/Contents/Home/jre/lib/amd64:/Library/Java/JavaVirtualMachines/jdk1.8.0_171.jdk/Contents/Home/jre/lib/i386:
SHELL=/bin/bash

Signal Handlers:
SIGSEGV: [libjvm.dylib+0x5b512d], sa_mask[0]=11111111011111110111111111111111, sa_flags=SA_ONSTACK|SA_RESTART|SA_SIGINFO
SIGBUS: [libjvm.dylib+0x5b512d], sa_mask[0]=11111111011111110111111111111111, sa_flags=SA_RESTART|SA_SIGINFO
SIGFPE: [libjvm.dylib+0x48aa90], sa_mask[0]=11111111011111110111111111111111, sa_flags=SA_RESTART|SA_SIGINFO
SIGPIPE: [libjvm.dylib+0x48aa90], sa_mask[0]=11111111011111110111111111111111, sa_flags=SA_RESTART|SA_SIGINFO
SIGXFSZ: [libjvm.dylib+0x48aa90], sa_mask[0]=11111111011111110111111111111111, sa_flags=SA_RESTART|SA_SIGINFO
SIGILL: [libjvm.dylib+0x48aa90], sa_mask[0]=11111111011111110111111111111111, sa_flags=SA_RESTART|SA_SIGINFO
SIGUSR1: SIG_DFL, sa_mask[0]=00000000000000000000000000000000, sa_flags=none
SIGUSR2: [libjvm.dylib+0x48a5ae], sa_mask[0]=00100000000000000000000000000000, sa_flags=SA_RESTART|SA_SIGINFO
SIGHUP: [libjvm.dylib+0x488b79], sa_mask[0]=11111111011111110111111111111111, sa_flags=SA_RESTART|SA_SIGINFO
SIGINT: SIG_IGN, sa_mask[0]=00000000000000000000000000000000, sa_flags=none
SIGTERM: [libjvm.dylib+0x488b79], sa_mask[0]=11111111011111110111111111111111, sa_flags=SA_RESTART|SA_SIGINFO
SIGQUIT: [libjvm.dylib+0x488b79], sa_mask[0]=11111111011111110111111111111111, sa_flags=SA_RESTART|SA_SIGINFO


---------------  S Y S T E M  ---------------

OS:Bsduname:Darwin 17.6.0 Darwin Kernel Version 17.6.0: Tue May  8 15:22:16 PDT 2018; root:xnu-4570.61.1~1/RELEASE_X86_64 x86_64
rlimit: STACK 8192k, CORE 0k, NPROC 1418, NOFILE 10240, AS infinity
load average:2.01 1.71 1.47

CPU:total 8 (initial active 8) (4 cores per cpu, 2 threads per core) family 6 model 58 stepping 9, cmov, cx8, fxsr, mmx, sse, sse2, sse3, ssse3, sse4.1, sse4.2, popcnt, avx, aes, clmul, erms, ht, tsc, tscinvbit, tscinv

Memory: 4k page, physical 16777216k(3973428k free)

/proc/meminfo:


vm_info: Java HotSpot(TM) 64-Bit Server VM (25.171-b11) for bsd-amd64 JRE (1.8.0_171-b11), built on Mar 28 2018 12:50:57 by "java_re" with gcc 4.2.1 (Based on Apple Inc. build 5658) (LLVM build 2336.11.00)

time: Tue Jun 26 14:25:22 2018
elapsed time: 1 seconds (0d 0h 0m 1s)

